{"/Users/ajith/Desktop/untitled folder/gov-support/src/App.tsx": {"path":"/Users/ajith/Desktop/untitled folder/gov-support/src/App.tsx","statementMap":{"0":{"start":{"line":1,"column":0},"end":{"line":1,"column":19}},"1":{"start":{"line":2,"column":0},"end":{"line":2,"column":71}},"2":{"start":{"line":3,"column":0},"end":{"line":3,"column":53}},"3":{"start":{"line":4,"column":0},"end":{"line":4,"column":52}},"4":{"start":{"line":5,"column":0},"end":{"line":5,"column":55}},"5":{"start":{"line":6,"column":0},"end":{"line":6,"column":72}},"6":{"start":{"line":7,"column":0},"end":{"line":7,"column":48}},"7":{"start":{"line":8,"column":0},"end":{"line":8,"column":55}},"8":{"start":{"line":9,"column":0},"end":{"line":9,"column":28}},"9":{"start":{"line":12,"column":19},"end":{"line":12,"column":30}},"10":{"start":{"line":13,"column":20},"end":{"line":13,"column":42}},"11":{"start":{"line":15,"column":2},"end":{"line":21,"column":3}},"12":{"start":{"line":16,"column":4},"end":{"line":20,"column":6}},"13":{"start":{"line":23,"column":2},"end":{"line":23,"column":52}},"14":{"start":{"line":27,"column":2},"end":{"line":57,"column":4}},"15":{"start":{"line":35,"column":14},"end":{"line":39,"column":15}},"16":{"start":{"line":36,"column":16},"end":{"line":38,"column":18}},"17":{"start":{"line":40,"column":37},"end":{"line":40,"column":52}},"18":{"start":{"line":41,"column":14},"end":{"line":51,"column":16}},"19":{"start":{"line":60,"column":0},"end":{"line":60,"column":19}}},"fnMap":{"0":{"name":"StepRoute","decl":{"start":{"line":11,"column":9},"end":{"line":11,"column":18}},"loc":{"start":{"line":11,"column":18},"end":{"line":24,"column":1}}},"1":{"name":"App","decl":{"start":{"line":26,"column":9},"end":{"line":26,"column":12}},"loc":{"start":{"line":26,"column":12},"end":{"line":58,"column":1}}},"2":{"name":"(anonymous_2)","decl":{"start":{"line":34,"column":29},"end":{"line":34,"column":30}},"loc":{"start":{"line":34,"column":46},"end":{"line":52,"column":13}}}},"branchMap":{"0":{"loc":{"start":{"line":15,"column":2},"end":{"line":21,"column":3}},"type":"if","locations":[{"start":{"line":15,"column":2},"end":{"line":21,"column":3}},{"start":{},"end":{}}]},"1":{"loc":{"start":{"line":35,"column":14},"end":{"line":39,"column":15}},"type":"if","locations":[{"start":{"line":35,"column":14},"end":{"line":39,"column":15}},{"start":{},"end":{}}]}},"s":{"0":0,"1":0,"2":0,"3":0,"4":0,"5":0,"6":0,"7":0,"8":0,"9":0,"10":0,"11":0,"12":0,"13":0,"14":0,"15":0,"16":0,"17":0,"18":0,"19":0},"f":{"0":0,"1":0,"2":0},"b":{"0":[0,0],"1":[0,0]}}
,"/Users/ajith/Desktop/untitled folder/gov-support/src/routes.tsx": {"path":"/Users/ajith/Desktop/untitled folder/gov-support/src/routes.tsx","statementMap":{"0":{"start":{"line":12,"column":0},"end":{"line":12,"column":16}},"1":{"start":{"line":21,"column":0},"end":{"line":21,"column":16}},"2":{"start":{"line":25,"column":0},"end":{"line":25,"column":16}},"3":{"start":{"line":38,"column":0},"end":{"line":38,"column":16}},"4":{"start":{"line":1,"column":0},"end":{"line":1,"column":51}},"5":{"start":{"line":2,"column":0},"end":{"line":2,"column":50}},"6":{"start":{"line":3,"column":0},"end":{"line":3,"column":32}},"7":{"start":{"line":4,"column":0},"end":{"line":4,"column":38}},"8":{"start":{"line":5,"column":0},"end":{"line":5,"column":38}},"9":{"start":{"line":6,"column":0},"end":{"line":6,"column":42}},"10":{"start":{"line":7,"column":0},"end":{"line":7,"column":48}},"11":{"start":{"line":8,"column":0},"end":{"line":8,"column":56}},"12":{"start":{"line":9,"column":0},"end":{"line":9,"column":26}},"13":{"start":{"line":10,"column":0},"end":{"line":10,"column":76}},"14":{"start":{"line":13,"column":19},"end":{"line":13,"column":30}},"15":{"start":{"line":15,"column":4},"end":{"line":17,"column":42}},"16":{"start":{"line":18,"column":2},"end":{"line":18,"column":56}},"17":{"start":{"line":22,"column":2},"end":{"line":22,"column":81}},"18":{"start":{"line":26,"column":2},"end":{"line":35,"column":3}},"19":{"start":{"line":28,"column":6},"end":{"line":28,"column":25}},"20":{"start":{"line":30,"column":6},"end":{"line":30,"column":25}},"21":{"start":{"line":32,"column":6},"end":{"line":32,"column":27}},"22":{"start":{"line":34,"column":6},"end":{"line":34,"column":18}},"23":{"start":{"line":39,"column":19},"end":{"line":39,"column":30}},"24":{"start":{"line":41,"column":2},"end":{"line":47,"column":13}},"25":{"start":{"line":42,"column":4},"end":{"line":46,"column":5}},"26":{"start":{"line":43,"column":6},"end":{"line":45,"column":7}},"27":{"start":{"line":44,"column":8},"end":{"line":44,"column":34}},"28":{"start":{"line":49,"column":2},"end":{"line":51,"column":3}},"29":{"start":{"line":50,"column":4},"end":{"line":50,"column":83}},"30":{"start":{"line":53,"column":2},"end":{"line":53,"column":18}},"31":{"start":{"line":56,"column":13},"end":{"line":85,"column":2}}},"fnMap":{"0":{"name":"LangRedirect","decl":{"start":{"line":12,"column":16},"end":{"line":12,"column":28}},"loc":{"start":{"line":12,"column":28},"end":{"line":19,"column":1}}},"1":{"name":"RootRedirect","decl":{"start":{"line":21,"column":16},"end":{"line":21,"column":28}},"loc":{"start":{"line":21,"column":28},"end":{"line":23,"column":1}}},"2":{"name":"getStepComponent","decl":{"start":{"line":25,"column":16},"end":{"line":25,"column":32}},"loc":{"start":{"line":25,"column":57},"end":{"line":36,"column":1}}},"3":{"name":"LanguageRoute","decl":{"start":{"line":38,"column":16},"end":{"line":38,"column":29}},"loc":{"start":{"line":38,"column":67},"end":{"line":54,"column":1}}},"4":{"name":"(anonymous_4)","decl":{"start":{"line":41,"column":12},"end":{"line":41,"column":15}},"loc":{"start":{"line":41,"column":17},"end":{"line":47,"column":3}}}},"branchMap":{"0":{"loc":{"start":{"line":15,"column":4},"end":{"line":17,"column":42}},"type":"cond-expr","locations":[{"start":{"line":16,"column":8},"end":{"line":16,"column":12}},{"start":{"line":17,"column":8},"end":{"line":17,"column":42}}]},"1":{"loc":{"start":{"line":15,"column":4},"end":{"line":15,"column":84}},"type":"binary-expr","locations":[{"start":{"line":15,"column":4},"end":{"line":15,"column":8}},{"start":{"line":15,"column":12},"end":{"line":15,"column":84}}]},"2":{"loc":{"start":{"line":17,"column":8},"end":{"line":17,"column":42}},"type":"binary-expr","locations":[{"start":{"line":17,"column":8},"end":{"line":17,"column":21}},{"start":{"line":17,"column":25},"end":{"line":17,"column":42}}]},"3":{"loc":{"start":{"line":22,"column":27},"end":{"line":22,"column":61}},"type":"binary-expr","locations":[{"start":{"line":22,"column":27},"end":{"line":22,"column":40}},{"start":{"line":22,"column":44},"end":{"line":22,"column":61}}]},"4":{"loc":{"start":{"line":26,"column":2},"end":{"line":35,"column":3}},"type":"switch","locations":[{"start":{"line":27,"column":4},"end":{"line":28,"column":25}},{"start":{"line":29,"column":4},"end":{"line":30,"column":25}},{"start":{"line":31,"column":4},"end":{"line":32,"column":27}},{"start":{"line":33,"column":4},"end":{"line":34,"column":18}}]},"5":{"loc":{"start":{"line":42,"column":4},"end":{"line":46,"column":5}},"type":"if","locations":[{"start":{"line":42,"column":4},"end":{"line":46,"column":5}},{"start":{},"end":{}}]},"6":{"loc":{"start":{"line":42,"column":8},"end":{"line":42,"column":88}},"type":"binary-expr","locations":[{"start":{"line":42,"column":8},"end":{"line":42,"column":12}},{"start":{"line":42,"column":16},"end":{"line":42,"column":88}}]},"7":{"loc":{"start":{"line":43,"column":6},"end":{"line":45,"column":7}},"type":"if","locations":[{"start":{"line":43,"column":6},"end":{"line":45,"column":7}},{"start":{},"end":{}}]},"8":{"loc":{"start":{"line":49,"column":2},"end":{"line":51,"column":3}},"type":"if","locations":[{"start":{"line":49,"column":2},"end":{"line":51,"column":3}},{"start":{},"end":{}}]},"9":{"loc":{"start":{"line":49,"column":6},"end":{"line":49,"column":87}},"type":"binary-expr","locations":[{"start":{"line":49,"column":6},"end":{"line":49,"column":10}},{"start":{"line":49,"column":14},"end":{"line":49,"column":87}}]},"10":{"loc":{"start":{"line":50,"column":29},"end":{"line":50,"column":63}},"type":"binary-expr","locations":[{"start":{"line":50,"column":29},"end":{"line":50,"column":42}},{"start":{"line":50,"column":46},"end":{"line":50,"column":63}}]}},"s":{"0":0,"1":0,"2":0,"3":0,"4":0,"5":0,"6":0,"7":0,"8":0,"9":0,"10":0,"11":0,"12":0,"13":0,"14":0,"15":0,"16":0,"17":0,"18":0,"19":0,"20":0,"21":0,"22":0,"23":0,"24":0,"25":0,"26":0,"27":0,"28":0,"29":0,"30":0,"31":0},"f":{"0":0,"1":0,"2":0,"3":0,"4":0},"b":{"0":[0,0],"1":[0,0],"2":[0,0],"3":[0,0],"4":[0,0,0,0],"5":[0,0],"6":[0,0],"7":[0,0],"8":[0,0],"9":[0,0],"10":[0,0]}}
,"/Users/ajith/Desktop/untitled folder/gov-support/src/theme.ts": {"path":"/Users/ajith/Desktop/untitled folder/gov-support/src/theme.ts","statementMap":{"0":{"start":{"line":1,"column":0},"end":{"line":1,"column":51}},"1":{"start":{"line":4,"column":14},"end":{"line":170,"column":2}},"2":{"start":{"line":172,"column":0},"end":{"line":172,"column":21}}},"fnMap":{},"branchMap":{},"s":{"0":0,"1":0,"2":0},"f":{},"b":{}}
,"/Users/ajith/Desktop/untitled folder/gov-support/src/components/AutoSaveIndicator.tsx": {"path":"/Users/ajith/Desktop/untitled folder/gov-support/src/components/AutoSaveIndicator.tsx","statementMap":{"0":{"start":{"line":13,"column":0},"end":{"line":13,"column":24}},"1":{"start":{"line":1,"column":0},"end":{"line":1,"column":66}},"2":{"start":{"line":2,"column":0},"end":{"line":2,"column":62}},"3":{"start":{"line":3,"column":0},"end":{"line":3,"column":50}},"4":{"start":{"line":4,"column":0},"end":{"line":4,"column":47}},"5":{"start":{"line":5,"column":0},"end":{"line":5,"column":48}},"6":{"start":{"line":14,"column":16},"end":{"line":14,"column":32}},"7":{"start":{"line":16,"column":2},"end":{"line":18,"column":3}},"8":{"start":{"line":17,"column":4},"end":{"line":17,"column":16}},"9":{"start":{"line":20,"column":2},"end":{"line":60,"column":4}}},"fnMap":{"0":{"name":"AutoSaveIndicator","decl":{"start":{"line":13,"column":24},"end":{"line":13,"column":41}},"loc":{"start":{"line":13,"column":76},"end":{"line":61,"column":1}}}},"branchMap":{"0":{"loc":{"start":{"line":16,"column":2},"end":{"line":18,"column":3}},"type":"if","locations":[{"start":{"line":16,"column":2},"end":{"line":18,"column":3}},{"start":{},"end":{}}]},"1":{"loc":{"start":{"line":33,"column":7},"end":{"line":39,"column":null}},"type":"binary-expr","locations":[{"start":{"line":33,"column":7},"end":{"line":33,"column":41}},{"start":{"line":34,"column":8},"end":{"line":38,"column":null}}]},"2":{"loc":{"start":{"line":42,"column":7},"end":{"line":48,"column":null}},"type":"binary-expr","locations":[{"start":{"line":42,"column":7},"end":{"line":42,"column":40}},{"start":{"line":43,"column":8},"end":{"line":47,"column":null}}]},"3":{"loc":{"start":{"line":51,"column":7},"end":{"line":57,"column":null}},"type":"binary-expr","locations":[{"start":{"line":51,"column":7},"end":{"line":51,"column":40}},{"start":{"line":52,"column":8},"end":{"line":56,"column":null}}]}},"s":{"0":1,"1":1,"2":1,"3":1,"4":1,"5":1,"6":4,"7":4,"8":1,"9":3},"f":{"0":4},"b":{"0":[1,3],"1":[3,1],"2":[3,1],"3":[3,1]}}
,"/Users/ajith/Desktop/untitled folder/gov-support/src/components/ErrorBoundary/index.tsx": {"path":"/Users/ajith/Desktop/untitled folder/gov-support/src/components/ErrorBoundary/index.tsx","statementMap":{"0":{"start":{"line":1,"column":0},"end":{"line":1,"column":66}},"1":{"start":{"line":14,"column":4},"end":{"line":14,"column":17}},"2":{"start":{"line":27,"column":2},"end":{"line":29,"column":null}},"3":{"start":{"line":28,"column":4},"end":{"line":28,"column":52}},"4":{"start":{"line":15,"column":4},"end":{"line":15,"column":50}},"5":{"start":{"line":19,"column":4},"end":{"line":19,"column":37}},"6":{"start":{"line":23,"column":4},"end":{"line":23,"column":65}},"7":{"start":{"line":32,"column":4},"end":{"line":62,"column":5}},"8":{"start":{"line":33,"column":6},"end":{"line":61,"column":8}},"9":{"start":{"line":64,"column":4},"end":{"line":64,"column":31}},"10":{"start":{"line":68,"column":0},"end":{"line":68,"column":29}}},"fnMap":{"0":{"name":"(anonymous_0)","decl":{"start":{"line":13,"column":2},"end":{"line":13,"column":14}},"loc":{"start":{"line":13,"column":26},"end":{"line":16,"column":3}}},"1":{"name":"(anonymous_1)","decl":{"start":{"line":27,"column":16},"end":{"line":27,"column":19}},"loc":{"start":{"line":27,"column":21},"end":{"line":29,"column":3}}},"2":{"name":"(anonymous_2)","decl":{"start":{"line":18,"column":2},"end":{"line":18,"column":8}},"loc":{"start":{"line":18,"column":46},"end":{"line":20,"column":3}}},"3":{"name":"(anonymous_3)","decl":{"start":{"line":22,"column":2},"end":{"line":22,"column":19}},"loc":{"start":{"line":22,"column":54},"end":{"line":25,"column":3}}},"4":{"name":"(anonymous_4)","decl":{"start":{"line":31,"column":2},"end":{"line":31,"column":8}},"loc":{"start":{"line":31,"column":8},"end":{"line":65,"column":3}}}},"branchMap":{"0":{"loc":{"start":{"line":32,"column":4},"end":{"line":62,"column":5}},"type":"if","locations":[{"start":{"line":32,"column":4},"end":{"line":62,"column":5}},{"start":{},"end":{}}]},"1":{"loc":{"start":{"line":37,"column":11},"end":{"line":43,"column":null}},"type":"binary-expr","locations":[{"start":{"line":37,"column":11},"end":{"line":37,"column":27}},{"start":{"line":38,"column":12},"end":{"line":42,"column":null}}]}},"s":{"0":0,"1":0,"2":0,"3":0,"4":0,"5":0,"6":0,"7":0,"8":0,"9":0,"10":0},"f":{"0":0,"1":0,"2":0,"3":0,"4":0},"b":{"0":[0,0],"1":[0,0]}}
,"/Users/ajith/Desktop/untitled folder/gov-support/src/components/Forms/CountryCitySelect.tsx": {"path":"/Users/ajith/Desktop/untitled folder/gov-support/src/components/Forms/CountryCitySelect.tsx","statementMap":{"0":{"start":{"line":22,"column":0},"end":{"line":22,"column":24}},"1":{"start":{"line":1,"column":0},"end":{"line":1,"column":98}},"2":{"start":{"line":2,"column":0},"end":{"line":2,"column":null}},"3":{"start":{"line":11,"column":0},"end":{"line":11,"column":47}},"4":{"start":{"line":12,"column":0},"end":{"line":12,"column":44}},"5":{"start":{"line":14,"column":0},"end":{"line":14,"column":103}},"6":{"start":{"line":27,"column":16},"end":{"line":27,"column":32}},"7":{"start":{"line":29,"column":23},"end":{"line":32,"column":4}},"8":{"start":{"line":33,"column":36},"end":{"line":33,"column":59}},"9":{"start":{"line":34,"column":30},"end":{"line":34,"column":51}},"10":{"start":{"line":35,"column":50},"end":{"line":35,"column":65}},"11":{"start":{"line":36,"column":44},"end":{"line":36,"column":59}},"12":{"start":{"line":38,"column":2},"end":{"line":52,"column":9}},"13":{"start":{"line":39,"column":26},"end":{"line":50,"column":5}},"14":{"start":{"line":40,"column":6},"end":{"line":40,"column":32}},"15":{"start":{"line":41,"column":6},"end":{"line":49,"column":7}},"16":{"start":{"line":42,"column":21},"end":{"line":42,"column":43}},"17":{"start":{"line":43,"column":8},"end":{"line":43,"column":54}},"18":{"start":{"line":44,"column":8},"end":{"line":44,"column":27}},"19":{"start":{"line":46,"column":8},"end":{"line":46,"column":57}},"20":{"start":{"line":48,"column":8},"end":{"line":48,"column":35}},"21":{"start":{"line":51,"column":4},"end":{"line":51,"column":20}},"22":{"start":{"line":54,"column":2},"end":{"line":82,"column":32}},"23":{"start":{"line":55,"column":23},"end":{"line":80,"column":5}},"24":{"start":{"line":56,"column":6},"end":{"line":79,"column":7}},"25":{"start":{"line":58,"column":32},"end":{"line":58,"column":78}},"26":{"start":{"line":58,"column":54},"end":{"line":58,"column":77}},"27":{"start":{"line":59,"column":8},"end":{"line":62,"column":9}},"28":{"start":{"line":60,"column":10},"end":{"line":60,"column":68}},"29":{"start":{"line":61,"column":10},"end":{"line":61,"column":17}},"30":{"start":{"line":64,"column":8},"end":{"line":64,"column":76}},"31":{"start":{"line":65,"column":8},"end":{"line":65,"column":31}},"32":{"start":{"line":66,"column":8},"end":{"line":76,"column":9}},"33":{"start":{"line":68,"column":23},"end":{"line":68,"column":65}},"34":{"start":{"line":69,"column":10},"end":{"line":69,"column":53}},"35":{"start":{"line":70,"column":10},"end":{"line":70,"column":26}},"36":{"start":{"line":72,"column":10},"end":{"line":72,"column":56}},"37":{"start":{"line":73,"column":10},"end":{"line":73,"column":24}},"38":{"start":{"line":75,"column":10},"end":{"line":75,"column":34}},"39":{"start":{"line":78,"column":8},"end":{"line":78,"column":22}},"40":{"start":{"line":81,"column":4},"end":{"line":81,"column":17}},"41":{"start":{"line":84,"column":2},"end":{"line":196,"column":4}},"42":{"start":{"line":92,"column":27},"end":{"line":92,"column":34}},"43":{"start":{"line":93,"column":29},"end":{"line":93,"column":67}},"44":{"start":{"line":94,"column":27},"end":{"line":94,"column":56}},"45":{"start":{"line":96,"column":10},"end":{"line":138,"column":12}},"46":{"start":{"line":116,"column":18},"end":{"line":116,"column":46}},"47":{"start":{"line":117,"column":18},"end":{"line":117,"column":67}},"48":{"start":{"line":126,"column":20},"end":{"line":126,"column":49}},"49":{"start":{"line":148,"column":27},"end":{"line":148,"column":34}},"50":{"start":{"line":149,"column":29},"end":{"line":149,"column":67}},"51":{"start":{"line":150,"column":27},"end":{"line":150,"column":54}},"52":{"start":{"line":152,"column":10},"end":{"line":192,"column":12}},"53":{"start":{"line":178,"column":20},"end":{"line":178,"column":53}}},"fnMap":{"0":{"name":"CountryCitySelect","decl":{"start":{"line":22,"column":24},"end":{"line":22,"column":41}},"loc":{"start":{"line":26,"column":28},"end":{"line":197,"column":1}}},"1":{"name":"(anonymous_1)","decl":{"start":{"line":38,"column":12},"end":{"line":38,"column":15}},"loc":{"start":{"line":38,"column":17},"end":{"line":52,"column":3}}},"2":{"name":"(anonymous_2)","decl":{"start":{"line":39,"column":26},"end":{"line":39,"column":31}},"loc":{"start":{"line":39,"column":37},"end":{"line":50,"column":5}}},"3":{"name":"(anonymous_3)","decl":{"start":{"line":54,"column":12},"end":{"line":54,"column":15}},"loc":{"start":{"line":54,"column":17},"end":{"line":82,"column":3}}},"4":{"name":"(anonymous_4)","decl":{"start":{"line":55,"column":23},"end":{"line":55,"column":28}},"loc":{"start":{"line":55,"column":34},"end":{"line":80,"column":5}}},"5":{"name":"(anonymous_5)","decl":{"start":{"line":58,"column":47},"end":{"line":58,"column":48}},"loc":{"start":{"line":58,"column":54},"end":{"line":58,"column":77}}},"6":{"name":"(anonymous_6)","decl":{"start":{"line":91,"column":16},"end":{"line":91,"column":17}},"loc":{"start":{"line":91,"column":70},"end":{"line":139,"column":9}}},"7":{"name":"(anonymous_7)","decl":{"start":{"line":115,"column":26},"end":{"line":115,"column":27}},"loc":{"start":{"line":115,"column":32},"end":{"line":118,"column":17}}},"8":{"name":"(anonymous_8)","decl":{"start":{"line":125,"column":32},"end":{"line":125,"column":33}},"loc":{"start":{"line":126,"column":20},"end":{"line":126,"column":49}}},"9":{"name":"(anonymous_9)","decl":{"start":{"line":147,"column":16},"end":{"line":147,"column":17}},"loc":{"start":{"line":147,"column":70},"end":{"line":193,"column":9}}},"10":{"name":"(anonymous_10)","decl":{"start":{"line":177,"column":29},"end":{"line":177,"column":30}},"loc":{"start":{"line":178,"column":20},"end":{"line":178,"column":53}}}},"branchMap":{"0":{"loc":{"start":{"line":56,"column":6},"end":{"line":79,"column":7}},"type":"if","locations":[{"start":{"line":56,"column":6},"end":{"line":79,"column":7}},{"start":{"line":77,"column":13},"end":{"line":79,"column":7}}]},"1":{"loc":{"start":{"line":59,"column":8},"end":{"line":62,"column":9}},"type":"if","locations":[{"start":{"line":59,"column":8},"end":{"line":62,"column":9}},{"start":{},"end":{}}]},"2":{"loc":{"start":{"line":93,"column":29},"end":{"line":93,"column":67}},"type":"cond-expr","locations":[{"start":{"line":93,"column":40},"end":{"line":93,"column":62}},{"start":{"line":93,"column":65},"end":{"line":93,"column":67}}]},"3":{"loc":{"start":{"line":93,"column":42},"end":{"line":93,"column":61}},"type":"binary-expr","locations":[{"start":{"line":93,"column":42},"end":{"line":93,"column":55}},{"start":{"line":93,"column":59},"end":{"line":93,"column":61}}]},"4":{"loc":{"start":{"line":114,"column":23},"end":{"line":114,"column":50}},"type":"binary-expr","locations":[{"start":{"line":114,"column":23},"end":{"line":114,"column":44}},{"start":{"line":114,"column":48},"end":{"line":114,"column":50}}]},"5":{"loc":{"start":{"line":120,"column":17},"end":{"line":131,"column":null}},"type":"cond-expr","locations":[{"start":{"line":121,"column":18},"end":{"line":122,"column":null}},{"start":{"line":124,"column":20},"end":{"line":131,"column":null}}]},"6":{"loc":{"start":{"line":124,"column":20},"end":{"line":131,"column":null}},"type":"cond-expr","locations":[{"start":{"line":125,"column":18},"end":{"line":129,"column":20}},{"start":{"line":131,"column":18},"end":{"line":131,"column":82}}]},"7":{"loc":{"start":{"line":134,"column":15},"end":{"line":135,"column":null}},"type":"binary-expr","locations":[{"start":{"line":134,"column":15},"end":{"line":134,"column":23}},{"start":{"line":135,"column":16},"end":{"line":135,"column":75}}]},"8":{"loc":{"start":{"line":149,"column":29},"end":{"line":149,"column":67}},"type":"cond-expr","locations":[{"start":{"line":149,"column":40},"end":{"line":149,"column":62}},{"start":{"line":149,"column":65},"end":{"line":149,"column":67}}]},"9":{"loc":{"start":{"line":149,"column":42},"end":{"line":149,"column":61}},"type":"binary-expr","locations":[{"start":{"line":149,"column":42},"end":{"line":149,"column":55}},{"start":{"line":149,"column":59},"end":{"line":149,"column":61}}]},"10":{"loc":{"start":{"line":169,"column":26},"end":{"line":169,"column":56}},"type":"binary-expr","locations":[{"start":{"line":169,"column":26},"end":{"line":169,"column":39}},{"start":{"line":169,"column":43},"end":{"line":169,"column":56}}]},"11":{"loc":{"start":{"line":170,"column":23},"end":{"line":170,"column":50}},"type":"binary-expr","locations":[{"start":{"line":170,"column":23},"end":{"line":170,"column":44}},{"start":{"line":170,"column":48},"end":{"line":170,"column":50}}]},"12":{"loc":{"start":{"line":172,"column":17},"end":{"line":185,"column":null}},"type":"cond-expr","locations":[{"start":{"line":173,"column":18},"end":{"line":174,"column":null}},{"start":{"line":176,"column":20},"end":{"line":185,"column":null}}]},"13":{"loc":{"start":{"line":176,"column":20},"end":{"line":185,"column":null}},"type":"cond-expr","locations":[{"start":{"line":177,"column":18},"end":{"line":181,"column":20}},{"start":{"line":183,"column":18},"end":{"line":184,"column":null}}]},"14":{"loc":{"start":{"line":184,"column":21},"end":{"line":184,"column":98}},"type":"cond-expr","locations":[{"start":{"line":184,"column":36},"end":{"line":184,"column":65}},{"start":{"line":184,"column":68},"end":{"line":184,"column":98}}]},"15":{"loc":{"start":{"line":188,"column":15},"end":{"line":189,"column":null}},"type":"binary-expr","locations":[{"start":{"line":188,"column":15},"end":{"line":188,"column":23}},{"start":{"line":189,"column":16},"end":{"line":189,"column":75}}]}},"s":{"0":0,"1":0,"2":0,"3":0,"4":0,"5":0,"6":0,"7":0,"8":0,"9":0,"10":0,"11":0,"12":0,"13":0,"14":0,"15":0,"16":0,"17":0,"18":0,"19":0,"20":0,"21":0,"22":0,"23":0,"24":0,"25":0,"26":0,"27":0,"28":0,"29":0,"30":0,"31":0,"32":0,"33":0,"34":0,"35":0,"36":0,"37":0,"38":0,"39":0,"40":0,"41":0,"42":0,"43":0,"44":0,"45":0,"46":0,"47":0,"48":0,"49":0,"50":0,"51":0,"52":0,"53":0},"f":{"0":0,"1":0,"2":0,"3":0,"4":0,"5":0,"6":0,"7":0,"8":0,"9":0,"10":0},"b":{"0":[0,0],"1":[0,0],"2":[0,0],"3":[0,0],"4":[0,0],"5":[0,0],"6":[0,0],"7":[0,0],"8":[0,0],"9":[0,0],"10":[0,0],"11":[0,0],"12":[0,0],"13":[0,0],"14":[0,0],"15":[0,0]}}
,"/Users/ajith/Desktop/untitled folder/gov-support/src/components/Forms/FormFieldRenderer.tsx": {"path":"/Users/ajith/Desktop/untitled folder/gov-support/src/components/Forms/FormFieldRenderer.tsx","statementMap":{"0":{"start":{"line":30,"column":0},"end":{"line":30,"column":24}},"1":{"start":{"line":1,"column":0},"end":{"line":1,"column":88}},"2":{"start":{"line":2,"column":0},"end":{"line":2,"column":null}},"3":{"start":{"line":11,"column":0},"end":{"line":11,"column":49}},"4":{"start":{"line":12,"column":0},"end":{"line":12,"column":47}},"5":{"start":{"line":13,"column":0},"end":{"line":13,"column":46}},"6":{"start":{"line":14,"column":0},"end":{"line":14,"column":50}},"7":{"start":{"line":15,"column":0},"end":{"line":15,"column":52}},"8":{"start":{"line":16,"column":0},"end":{"line":16,"column":38}},"9":{"start":{"line":17,"column":0},"end":{"line":17,"column":26}},"10":{"start":{"line":36,"column":16},"end":{"line":36,"column":32}},"11":{"start":{"line":37,"column":69},"end":{"line":37,"column":74}},"12":{"start":{"line":38,"column":16},"end":{"line":38,"column":27}},"13":{"start":{"line":39,"column":19},"end":{"line":39,"column":35}},"14":{"start":{"line":41,"column":2},"end":{"line":161,"column":4}},"15":{"start":{"line":48,"column":27},"end":{"line":48,"column":34}},"16":{"start":{"line":49,"column":29},"end":{"line":49,"column":67}},"17":{"start":{"line":51,"column":10},"end":{"line":157,"column":11}},"18":{"start":{"line":53,"column":14},"end":{"line":53,"column":74}},"19":{"start":{"line":56,"column":14},"end":{"line":64,"column":15}},"20":{"start":{"line":57,"column":16},"end":{"line":63,"column":18}},"21":{"start":{"line":65,"column":14},"end":{"line":65,"column":26}},"22":{"start":{"line":68,"column":14},"end":{"line":68,"column":68}},"23":{"start":{"line":71,"column":14},"end":{"line":83,"column":16}},"24":{"start":{"line":87,"column":16},"end":{"line":90,"column":22}},"25":{"start":{"line":91,"column":14},"end":{"line":112,"column":16}},"26":{"start":{"line":103,"column":22},"end":{"line":103,"column":48}},"27":{"start":{"line":115,"column":14},"end":{"line":135,"column":16}},"28":{"start":{"line":122,"column":20},"end":{"line":122,"column":78}},"29":{"start":{"line":138,"column":14},"end":{"line":143,"column":16}},"30":{"start":{"line":146,"column":14},"end":{"line":156,"column":16}}},"fnMap":{"0":{"name":"RenderField","decl":{"start":{"line":30,"column":24},"end":{"line":30,"column":35}},"loc":{"start":{"line":35,"column":22},"end":{"line":162,"column":1}}},"1":{"name":"(anonymous_1)","decl":{"start":{"line":47,"column":16},"end":{"line":47,"column":17}},"loc":{"start":{"line":47,"column":70},"end":{"line":158,"column":9}}},"2":{"name":"(anonymous_2)","decl":{"start":{"line":102,"column":34},"end":{"line":102,"column":35}},"loc":{"start":{"line":103,"column":22},"end":{"line":103,"column":48}}},"3":{"name":"(anonymous_3)","decl":{"start":{"line":121,"column":28},"end":{"line":121,"column":29}},"loc":{"start":{"line":122,"column":20},"end":{"line":122,"column":78}}}},"branchMap":{"0":{"loc":{"start":{"line":49,"column":29},"end":{"line":49,"column":67}},"type":"cond-expr","locations":[{"start":{"line":49,"column":40},"end":{"line":49,"column":62}},{"start":{"line":49,"column":65},"end":{"line":49,"column":67}}]},"1":{"loc":{"start":{"line":49,"column":42},"end":{"line":49,"column":61}},"type":"binary-expr","locations":[{"start":{"line":49,"column":42},"end":{"line":49,"column":55}},{"start":{"line":49,"column":59},"end":{"line":49,"column":61}}]},"2":{"loc":{"start":{"line":51,"column":10},"end":{"line":157,"column":11}},"type":"switch","locations":[{"start":{"line":52,"column":12},"end":{"line":53,"column":74}},{"start":{"line":55,"column":12},"end":{"line":65,"column":26}},{"start":{"line":67,"column":12},"end":{"line":68,"column":68}},{"start":{"line":70,"column":12},"end":{"line":83,"column":16}},{"start":{"line":85,"column":12},"end":{"line":112,"column":16}},{"start":{"line":114,"column":12},"end":{"line":135,"column":16}},{"start":{"line":137,"column":12},"end":{"line":143,"column":16}},{"start":{"line":145,"column":12},"end":{"line":156,"column":16}}]},"3":{"loc":{"start":{"line":56,"column":14},"end":{"line":64,"column":15}},"type":"if","locations":[{"start":{"line":56,"column":14},"end":{"line":64,"column":15}},{"start":{},"end":{}}]},"4":{"loc":{"start":{"line":56,"column":18},"end":{"line":56,"column":74}},"type":"binary-expr","locations":[{"start":{"line":56,"column":18},"end":{"line":56,"column":45}},{"start":{"line":56,"column":49},"end":{"line":56,"column":74}}]},"5":{"loc":{"start":{"line":87,"column":16},"end":{"line":90,"column":22}},"type":"cond-expr","locations":[{"start":{"line":89,"column":20},"end":{"line":89,"column":41}},{"start":{"line":90,"column":20},"end":{"line":90,"column":22}}]},"6":{"loc":{"start":{"line":87,"column":16},"end":{"line":88,"column":46}},"type":"binary-expr","locations":[{"start":{"line":87,"column":16},"end":{"line":87,"column":51}},{"start":{"line":88,"column":16},"end":{"line":88,"column":46}}]},"7":{"loc":{"start":{"line":108,"column":19},"end":{"line":109,"column":null}},"type":"binary-expr","locations":[{"start":{"line":108,"column":19},"end":{"line":108,"column":27}},{"start":{"line":109,"column":20},"end":{"line":109,"column":79}}]},"8":{"loc":{"start":{"line":119,"column":20},"end":{"line":119,"column":79}},"type":"cond-expr","locations":[{"start":{"line":119,"column":44},"end":{"line":119,"column":72}},{"start":{"line":119,"column":75},"end":{"line":119,"column":79}}]},"9":{"loc":{"start":{"line":122,"column":45},"end":{"line":122,"column":77}},"type":"cond-expr","locations":[{"start":{"line":122,"column":52},"end":{"line":122,"column":70}},{"start":{"line":122,"column":73},"end":{"line":122,"column":77}}]}},"s":{"0":0,"1":0,"2":0,"3":0,"4":0,"5":0,"6":0,"7":0,"8":0,"9":0,"10":0,"11":0,"12":0,"13":0,"14":0,"15":0,"16":0,"17":0,"18":0,"19":0,"20":0,"21":0,"22":0,"23":0,"24":0,"25":0,"26":0,"27":0,"28":0,"29":0,"30":0},"f":{"0":0,"1":0,"2":0,"3":0},"b":{"0":[0,0],"1":[0,0],"2":[0,0,0,0,0,0,0,0],"3":[0,0],"4":[0,0],"5":[0,0],"6":[0,0],"7":[0,0],"8":[0,0],"9":[0,0]}}
,"/Users/ajith/Desktop/untitled folder/gov-support/src/components/Forms/FormNavigationButtons.tsx": {"path":"/Users/ajith/Desktop/untitled folder/gov-support/src/components/Forms/FormNavigationButtons.tsx","statementMap":{"0":{"start":{"line":6,"column":0},"end":{"line":6,"column":24}},"1":{"start":{"line":1,"column":0},"end":{"line":1,"column":44}},"2":{"start":{"line":2,"column":0},"end":{"line":2,"column":58}},"3":{"start":{"line":3,"column":0},"end":{"line":3,"column":64}},"4":{"start":{"line":4,"column":0},"end":{"line":4,"column":62}},"5":{"start":{"line":14,"column":16},"end":{"line":14,"column":35}},"6":{"start":{"line":16,"column":2},"end":{"line":66,"column":4}}},"fnMap":{"0":{"name":"FormNavigationButtons","decl":{"start":{"line":6,"column":24},"end":{"line":6,"column":45}},"loc":{"start":{"line":13,"column":1},"end":{"line":67,"column":1}}}},"branchMap":{"0":{"loc":{"start":{"line":9,"column":2},"end":{"line":9,"column":32}},"type":"default-arg","locations":[{"start":{"line":9,"column":19},"end":{"line":9,"column":32}}]},"1":{"loc":{"start":{"line":10,"column":2},"end":{"line":10,"column":32}},"type":"default-arg","locations":[{"start":{"line":10,"column":19},"end":{"line":10,"column":32}}]},"2":{"loc":{"start":{"line":11,"column":2},"end":{"line":11,"column":23}},"type":"default-arg","locations":[{"start":{"line":11,"column":19},"end":{"line":11,"column":23}}]},"3":{"loc":{"start":{"line":12,"column":2},"end":{"line":12,"column":23}},"type":"default-arg","locations":[{"start":{"line":12,"column":19},"end":{"line":12,"column":23}}]},"4":{"loc":{"start":{"line":29,"column":7},"end":{"line":44,"column":null}},"type":"binary-expr","locations":[{"start":{"line":29,"column":7},"end":{"line":29,"column":21}},{"start":{"line":30,"column":8},"end":{"line":43,"column":null}}]},"5":{"loc":{"start":{"line":47,"column":7},"end":{"line":63,"column":null}},"type":"binary-expr","locations":[{"start":{"line":47,"column":7},"end":{"line":47,"column":21}},{"start":{"line":48,"column":8},"end":{"line":62,"column":null}}]},"6":{"loc":{"start":{"line":55,"column":16},"end":{"line":55,"column":43}},"type":"cond-expr","locations":[{"start":{"line":55,"column":33},"end":{"line":55,"column":34}},{"start":{"line":55,"column":37},"end":{"line":55,"column":43}}]}},"s":{"0":0,"1":0,"2":0,"3":0,"4":0,"5":0,"6":0},"f":{"0":0},"b":{"0":[0],"1":[0],"2":[0],"3":[0],"4":[0,0],"5":[0,0],"6":[0,0]}}
,"/Users/ajith/Desktop/untitled folder/gov-support/src/components/Forms/FormWrapper.tsx": {"path":"/Users/ajith/Desktop/untitled folder/gov-support/src/components/Forms/FormWrapper.tsx","statementMap":{"0":{"start":{"line":5,"column":0},"end":{"line":5,"column":24}},"1":{"start":{"line":1,"column":0},"end":{"line":1,"column":66}},"2":{"start":{"line":2,"column":0},"end":{"line":2,"column":44}},"3":{"start":{"line":3,"column":0},"end":{"line":3,"column":60}},"4":{"start":{"line":18,"column":19},"end":{"line":18,"column":69}},"5":{"start":{"line":19,"column":19},"end":{"line":19,"column":68}},"6":{"start":{"line":22,"column":50},"end":{"line":22,"column":61}},"7":{"start":{"line":24,"column":2},"end":{"line":33,"column":17}},"8":{"start":{"line":26,"column":4},"end":{"line":26,"column":27}},"9":{"start":{"line":28,"column":18},"end":{"line":30,"column":11}},"10":{"start":{"line":29,"column":6},"end":{"line":29,"column":36}},"11":{"start":{"line":32,"column":4},"end":{"line":32,"column":37}},"12":{"start":{"line":32,"column":17},"end":{"line":32,"column":36}},"13":{"start":{"line":35,"column":2},"end":{"line":199,"column":4}}},"fnMap":{"0":{"name":"FormWrapper","decl":{"start":{"line":5,"column":24},"end":{"line":5,"column":35}},"loc":{"start":{"line":17,"column":1},"end":{"line":200,"column":1}}},"1":{"name":"(anonymous_1)","decl":{"start":{"line":24,"column":12},"end":{"line":24,"column":15}},"loc":{"start":{"line":24,"column":17},"end":{"line":33,"column":3}}},"2":{"name":"(anonymous_2)","decl":{"start":{"line":28,"column":29},"end":{"line":28,"column":32}},"loc":{"start":{"line":28,"column":34},"end":{"line":30,"column":5}}},"3":{"name":"(anonymous_3)","decl":{"start":{"line":32,"column":11},"end":{"line":32,"column":14}},"loc":{"start":{"line":32,"column":17},"end":{"line":32,"column":36}}}},"branchMap":{"0":{"loc":{"start":{"line":8,"column":2},"end":{"line":8,"column":16}},"type":"default-arg","locations":[{"start":{"line":8,"column":15},"end":{"line":8,"column":16}}]},"1":{"loc":{"start":{"line":12,"column":2},"end":{"line":12,"column":32}},"type":"default-arg","locations":[{"start":{"line":12,"column":19},"end":{"line":12,"column":32}}]},"2":{"loc":{"start":{"line":13,"column":2},"end":{"line":13,"column":32}},"type":"default-arg","locations":[{"start":{"line":13,"column":19},"end":{"line":13,"column":32}}]},"3":{"loc":{"start":{"line":14,"column":2},"end":{"line":14,"column":23}},"type":"default-arg","locations":[{"start":{"line":14,"column":19},"end":{"line":14,"column":23}}]},"4":{"loc":{"start":{"line":15,"column":2},"end":{"line":15,"column":23}},"type":"default-arg","locations":[{"start":{"line":15,"column":19},"end":{"line":15,"column":23}}]},"5":{"loc":{"start":{"line":16,"column":2},"end":{"line":16,"column":17}},"type":"default-arg","locations":[{"start":{"line":16,"column":13},"end":{"line":16,"column":17}}]},"6":{"loc":{"start":{"line":18,"column":19},"end":{"line":18,"column":69}},"type":"cond-expr","locations":[{"start":{"line":18,"column":40},"end":{"line":18,"column":65}},{"start":{"line":18,"column":68},"end":{"line":18,"column":69}}]},"7":{"loc":{"start":{"line":18,"column":19},"end":{"line":18,"column":37}},"type":"binary-expr","locations":[{"start":{"line":18,"column":19},"end":{"line":18,"column":23}},{"start":{"line":18,"column":27},"end":{"line":18,"column":37}}]},"8":{"loc":{"start":{"line":19,"column":19},"end":{"line":19,"column":68}},"type":"cond-expr","locations":[{"start":{"line":19,"column":40},"end":{"line":19,"column":63}},{"start":{"line":19,"column":66},"end":{"line":19,"column":68}}]},"9":{"loc":{"start":{"line":19,"column":19},"end":{"line":19,"column":37}},"type":"binary-expr","locations":[{"start":{"line":19,"column":19},"end":{"line":19,"column":23}},{"start":{"line":19,"column":27},"end":{"line":19,"column":37}}]},"10":{"loc":{"start":{"line":122,"column":27},"end":{"line":122,"column":88}},"type":"cond-expr","locations":[{"start":{"line":122,"column":50},"end":{"line":122,"column":79}},{"start":{"line":122,"column":82},"end":{"line":122,"column":88}}]},"11":{"loc":{"start":{"line":148,"column":13},"end":{"line":162,"column":null}},"type":"binary-expr","locations":[{"start":{"line":148,"column":13},"end":{"line":148,"column":18}},{"start":{"line":149,"column":14},"end":{"line":161,"column":null}}]},"12":{"loc":{"start":{"line":164,"column":13},"end":{"line":178,"column":null}},"type":"binary-expr","locations":[{"start":{"line":164,"column":13},"end":{"line":164,"column":21}},{"start":{"line":165,"column":14},"end":{"line":177,"column":null}}]}},"s":{"0":0,"1":0,"2":0,"3":0,"4":0,"5":0,"6":0,"7":0,"8":0,"9":0,"10":0,"11":0,"12":0,"13":0},"f":{"0":0,"1":0,"2":0,"3":0},"b":{"0":[0],"1":[0],"2":[0],"3":[0],"4":[0],"5":[0],"6":[0,0],"7":[0,0],"8":[0,0],"9":[0,0],"10":[0,0],"11":[0,0],"12":[0,0]}}
,"/Users/ajith/Desktop/untitled folder/gov-support/src/components/Forms/MoneyInput.tsx": {"path":"/Users/ajith/Desktop/untitled folder/gov-support/src/components/Forms/MoneyInput.tsx","statementMap":{"0":{"start":{"line":22,"column":0},"end":{"line":22,"column":24}},"1":{"start":{"line":1,"column":0},"end":{"line":1,"column":88}},"2":{"start":{"line":2,"column":0},"end":{"line":2,"column":null}},"3":{"start":{"line":12,"column":0},"end":{"line":12,"column":47}},"4":{"start":{"line":13,"column":0},"end":{"line":13,"column":33}},"5":{"start":{"line":15,"column":0},"end":{"line":15,"column":55}},"6":{"start":{"line":26,"column":16},"end":{"line":26,"column":32}},"7":{"start":{"line":27,"column":34},"end":{"line":27,"column":72}},"8":{"start":{"line":28,"column":43},"end":{"line":28,"column":48}},"9":{"start":{"line":29,"column":16},"end":{"line":29,"column":27}},"10":{"start":{"line":30,"column":19},"end":{"line":30,"column":35}},"11":{"start":{"line":32,"column":27},"end":{"line":32,"column":80}},"12":{"start":{"line":32,"column":60},"end":{"line":32,"column":79}},"13":{"start":{"line":34,"column":2},"end":{"line":98,"column":4}},"14":{"start":{"line":50,"column":27},"end":{"line":50,"column":54}},"15":{"start":{"line":53,"column":12},"end":{"line":53,"column":38}},"16":{"start":{"line":67,"column":29},"end":{"line":67,"column":36}},"17":{"start":{"line":68,"column":31},"end":{"line":68,"column":69}},"18":{"start":{"line":70,"column":12},"end":{"line":93,"column":14}}},"fnMap":{"0":{"name":"MoneyInput","decl":{"start":{"line":22,"column":24},"end":{"line":22,"column":34}},"loc":{"start":{"line":25,"column":21},"end":{"line":99,"column":1}}},"1":{"name":"(anonymous_1)","decl":{"start":{"line":32,"column":53},"end":{"line":32,"column":54}},"loc":{"start":{"line":32,"column":60},"end":{"line":32,"column":79}}},"2":{"name":"(anonymous_2)","decl":{"start":{"line":50,"column":20},"end":{"line":50,"column":21}},"loc":{"start":{"line":50,"column":27},"end":{"line":50,"column":54}}},"3":{"name":"(anonymous_3)","decl":{"start":{"line":52,"column":36},"end":{"line":52,"column":37}},"loc":{"start":{"line":53,"column":12},"end":{"line":53,"column":38}}},"4":{"name":"(anonymous_4)","decl":{"start":{"line":66,"column":18},"end":{"line":66,"column":19}},"loc":{"start":{"line":66,"column":72},"end":{"line":94,"column":11}}}},"branchMap":{"0":{"loc":{"start":{"line":68,"column":31},"end":{"line":68,"column":69}},"type":"cond-expr","locations":[{"start":{"line":68,"column":42},"end":{"line":68,"column":64}},{"start":{"line":68,"column":67},"end":{"line":68,"column":69}}]},"1":{"loc":{"start":{"line":68,"column":44},"end":{"line":68,"column":63}},"type":"binary-expr","locations":[{"start":{"line":68,"column":44},"end":{"line":68,"column":57}},{"start":{"line":68,"column":61},"end":{"line":68,"column":63}}]}},"s":{"0":0,"1":0,"2":0,"3":0,"4":0,"5":0,"6":0,"7":0,"8":0,"9":0,"10":0,"11":0,"12":0,"13":0,"14":0,"15":0,"16":0,"17":0,"18":0},"f":{"0":0,"1":0,"2":0,"3":0,"4":0},"b":{"0":[0,0],"1":[0,0]}}
,"/Users/ajith/Desktop/untitled folder/gov-support/src/components/Forms/PhoneNumberInput.tsx": {"path":"/Users/ajith/Desktop/untitled folder/gov-support/src/components/Forms/PhoneNumberInput.tsx","statementMap":{"0":{"start":{"line":29,"column":0},"end":{"line":29,"column":24}},"1":{"start":{"line":1,"column":0},"end":{"line":1,"column":88}},"2":{"start":{"line":2,"column":0},"end":{"line":2,"column":94}},"3":{"start":{"line":3,"column":0},"end":{"line":3,"column":47}},"4":{"start":{"line":4,"column":0},"end":{"line":4,"column":44}},"5":{"start":{"line":13,"column":21},"end":{"line":27,"column":2}},"6":{"start":{"line":33,"column":16},"end":{"line":33,"column":32}},"7":{"start":{"line":34,"column":43},"end":{"line":34,"column":48}},"8":{"start":{"line":35,"column":16},"end":{"line":35,"column":27}},"9":{"start":{"line":36,"column":19},"end":{"line":36,"column":35}},"10":{"start":{"line":38,"column":2},"end":{"line":131,"column":4}},"11":{"start":{"line":44,"column":25},"end":{"line":44,"column":32}},"12":{"start":{"line":45,"column":27},"end":{"line":45,"column":65}},"13":{"start":{"line":48,"column":26},"end":{"line":48,"column":53}},"14":{"start":{"line":49,"column":48},"end":{"line":53,"column":10}},"15":{"start":{"line":51,"column":24},"end":{"line":51,"column":76}},"16":{"start":{"line":51,"column":47},"end":{"line":51,"column":75}},"17":{"start":{"line":52,"column":10},"end":{"line":52,"column":39}},"18":{"start":{"line":56,"column":28},"end":{"line":56,"column":70}},"19":{"start":{"line":58,"column":33},"end":{"line":62,"column":9}},"20":{"start":{"line":59,"column":10},"end":{"line":59,"column":35}},"21":{"start":{"line":61,"column":10},"end":{"line":61,"column":64}},"22":{"start":{"line":64,"column":35},"end":{"line":69,"column":9}},"23":{"start":{"line":66,"column":24},"end":{"line":66,"column":62}},"24":{"start":{"line":68,"column":10},"end":{"line":68,"column":63}},"25":{"start":{"line":72,"column":8},"end":{"line":77,"column":24}},"26":{"start":{"line":73,"column":24},"end":{"line":73,"column":76}},"27":{"start":{"line":73,"column":47},"end":{"line":73,"column":75}},"28":{"start":{"line":74,"column":10},"end":{"line":76,"column":11}},"29":{"start":{"line":75,"column":12},"end":{"line":75,"column":40}},"30":{"start":{"line":79,"column":8},"end":{"line":128,"column":10}},"31":{"start":{"line":98,"column":33},"end":{"line":98,"column":65}},"32":{"start":{"line":104,"column":18},"end":{"line":104,"column":44}}},"fnMap":{"0":{"name":"PhoneNumberInput","decl":{"start":{"line":29,"column":24},"end":{"line":29,"column":40}},"loc":{"start":{"line":32,"column":27},"end":{"line":132,"column":1}}},"1":{"name":"(anonymous_1)","decl":{"start":{"line":43,"column":14},"end":{"line":43,"column":15}},"loc":{"start":{"line":43,"column":68},"end":{"line":129,"column":7}}},"2":{"name":"(anonymous_2)","decl":{"start":{"line":49,"column":57},"end":{"line":49,"column":60}},"loc":{"start":{"line":49,"column":62},"end":{"line":53,"column":9}}},"3":{"name":"(anonymous_3)","decl":{"start":{"line":51,"column":42},"end":{"line":51,"column":43}},"loc":{"start":{"line":51,"column":47},"end":{"line":51,"column":75}}},"4":{"name":"(anonymous_4)","decl":{"start":{"line":58,"column":33},"end":{"line":58,"column":34}},"loc":{"start":{"line":58,"column":53},"end":{"line":62,"column":9}}},"5":{"name":"(anonymous_5)","decl":{"start":{"line":64,"column":35},"end":{"line":64,"column":36}},"loc":{"start":{"line":64,"column":78},"end":{"line":69,"column":9}}},"6":{"name":"(anonymous_6)","decl":{"start":{"line":72,"column":18},"end":{"line":72,"column":21}},"loc":{"start":{"line":72,"column":23},"end":{"line":77,"column":9}}},"7":{"name":"(anonymous_7)","decl":{"start":{"line":73,"column":42},"end":{"line":73,"column":43}},"loc":{"start":{"line":73,"column":47},"end":{"line":73,"column":75}}},"8":{"name":"(anonymous_8)","decl":{"start":{"line":98,"column":26},"end":{"line":98,"column":27}},"loc":{"start":{"line":98,"column":33},"end":{"line":98,"column":65}}},"9":{"name":"(anonymous_9)","decl":{"start":{"line":103,"column":34},"end":{"line":103,"column":35}},"loc":{"start":{"line":104,"column":18},"end":{"line":104,"column":44}}}},"branchMap":{"0":{"loc":{"start":{"line":45,"column":27},"end":{"line":45,"column":65}},"type":"cond-expr","locations":[{"start":{"line":45,"column":38},"end":{"line":45,"column":60}},{"start":{"line":45,"column":63},"end":{"line":45,"column":65}}]},"1":{"loc":{"start":{"line":45,"column":40},"end":{"line":45,"column":59}},"type":"binary-expr","locations":[{"start":{"line":45,"column":40},"end":{"line":45,"column":53}},{"start":{"line":45,"column":57},"end":{"line":45,"column":59}}]},"2":{"loc":{"start":{"line":48,"column":26},"end":{"line":48,"column":53}},"type":"binary-expr","locations":[{"start":{"line":48,"column":26},"end":{"line":48,"column":47}},{"start":{"line":48,"column":51},"end":{"line":48,"column":53}}]},"3":{"loc":{"start":{"line":52,"column":17},"end":{"line":52,"column":38}},"type":"binary-expr","locations":[{"start":{"line":52,"column":17},"end":{"line":52,"column":28}},{"start":{"line":52,"column":32},"end":{"line":52,"column":38}}]},"4":{"loc":{"start":{"line":74,"column":10},"end":{"line":76,"column":11}},"type":"if","locations":[{"start":{"line":74,"column":10},"end":{"line":76,"column":11}},{"start":{},"end":{}}]},"5":{"loc":{"start":{"line":74,"column":14},"end":{"line":74,"column":50}},"type":"binary-expr","locations":[{"start":{"line":74,"column":14},"end":{"line":74,"column":19}},{"start":{"line":74,"column":23},"end":{"line":74,"column":50}}]},"6":{"loc":{"start":{"line":124,"column":13},"end":{"line":125,"column":null}},"type":"binary-expr","locations":[{"start":{"line":124,"column":13},"end":{"line":124,"column":21}},{"start":{"line":125,"column":14},"end":{"line":125,"column":73}}]}},"s":{"0":0,"1":0,"2":0,"3":0,"4":0,"5":0,"6":0,"7":0,"8":0,"9":0,"10":0,"11":0,"12":0,"13":0,"14":0,"15":0,"16":0,"17":0,"18":0,"19":0,"20":0,"21":0,"22":0,"23":0,"24":0,"25":0,"26":0,"27":0,"28":0,"29":0,"30":0,"31":0,"32":0},"f":{"0":0,"1":0,"2":0,"3":0,"4":0,"5":0,"6":0,"7":0,"8":0,"9":0},"b":{"0":[0,0],"1":[0,0],"2":[0,0],"3":[0,0],"4":[0,0],"5":[0,0],"6":[0,0]}}
,"/Users/ajith/Desktop/untitled folder/gov-support/src/components/Forms/TextAreaWithAI.tsx": {"path":"/Users/ajith/Desktop/untitled folder/gov-support/src/components/Forms/TextAreaWithAI.tsx","statementMap":{"0":{"start":{"line":25,"column":0},"end":{"line":25,"column":24}},"1":{"start":{"line":1,"column":0},"end":{"line":1,"column":33}},"2":{"start":{"line":2,"column":0},"end":{"line":2,"column":88}},"3":{"start":{"line":3,"column":0},"end":{"line":3,"column":null}},"4":{"start":{"line":15,"column":0},"end":{"line":15,"column":62}},"5":{"start":{"line":16,"column":0},"end":{"line":16,"column":47}},"6":{"start":{"line":17,"column":0},"end":{"line":17,"column":63}},"7":{"start":{"line":29,"column":16},"end":{"line":29,"column":32}},"8":{"start":{"line":30,"column":33},"end":{"line":30,"column":38}},"9":{"start":{"line":32,"column":26},"end":{"line":32,"column":41}},"10":{"start":{"line":33,"column":28},"end":{"line":33,"column":40}},"11":{"start":{"line":34,"column":32},"end":{"line":34,"column":47}},"12":{"start":{"line":35,"column":28},"end":{"line":35,"column":40}},"13":{"start":{"line":37,"column":19},"end":{"line":37,"column":35}},"14":{"start":{"line":39,"column":21},"end":{"line":58,"column":3}},"15":{"start":{"line":40,"column":4},"end":{"line":40,"column":18}},"16":{"start":{"line":41,"column":4},"end":{"line":41,"column":17}},"17":{"start":{"line":42,"column":4},"end":{"line":42,"column":17}},"18":{"start":{"line":43,"column":4},"end":{"line":43,"column":21}},"19":{"start":{"line":45,"column":4},"end":{"line":57,"column":5}},"20":{"start":{"line":47,"column":21},"end":{"line":49,"column":84}},"21":{"start":{"line":51,"column":21},"end":{"line":51,"column":49}},"22":{"start":{"line":52,"column":6},"end":{"line":52,"column":23}},"23":{"start":{"line":54,"column":6},"end":{"line":54,"column":30}},"24":{"start":{"line":56,"column":6},"end":{"line":56,"column":24}},"25":{"start":{"line":60,"column":22},"end":{"line":65,"column":3}},"26":{"start":{"line":61,"column":4},"end":{"line":61,"column":17}},"27":{"start":{"line":62,"column":4},"end":{"line":62,"column":17}},"28":{"start":{"line":63,"column":4},"end":{"line":63,"column":22}},"29":{"start":{"line":64,"column":4},"end":{"line":64,"column":19}},"30":{"start":{"line":67,"column":2},"end":{"line":216,"column":4}},"31":{"start":{"line":77,"column":31},"end":{"line":77,"column":68}},"32":{"start":{"line":79,"column":10},"end":{"line":212,"column":12}},"33":{"start":{"line":99,"column":31},"end":{"line":99,"column":55}},"34":{"start":{"line":179,"column":39},"end":{"line":179,"column":63}},"35":{"start":{"line":197,"column":22},"end":{"line":197,"column":54}},"36":{"start":{"line":198,"column":22},"end":{"line":198,"column":36}}},"fnMap":{"0":{"name":"TextAreaWithAI","decl":{"start":{"line":25,"column":24},"end":{"line":25,"column":38}},"loc":{"start":{"line":28,"column":25},"end":{"line":217,"column":1}}},"1":{"name":"(anonymous_1)","decl":{"start":{"line":39,"column":21},"end":{"line":39,"column":26}},"loc":{"start":{"line":39,"column":52},"end":{"line":58,"column":3}}},"2":{"name":"(anonymous_2)","decl":{"start":{"line":60,"column":22},"end":{"line":60,"column":25}},"loc":{"start":{"line":60,"column":27},"end":{"line":65,"column":3}}},"3":{"name":"(anonymous_3)","decl":{"start":{"line":73,"column":16},"end":{"line":73,"column":17}},"loc":{"start":{"line":76,"column":13},"end":{"line":213,"column":9}}},"4":{"name":"(anonymous_4)","decl":{"start":{"line":99,"column":25},"end":{"line":99,"column":28}},"loc":{"start":{"line":99,"column":31},"end":{"line":99,"column":55}}},"5":{"name":"(anonymous_5)","decl":{"start":{"line":179,"column":32},"end":{"line":179,"column":33}},"loc":{"start":{"line":179,"column":39},"end":{"line":179,"column":63}}},"6":{"name":"(anonymous_6)","decl":{"start":{"line":196,"column":29},"end":{"line":196,"column":32}},"loc":{"start":{"line":196,"column":34},"end":{"line":199,"column":21}}}},"branchMap":{"0":{"loc":{"start":{"line":47,"column":21},"end":{"line":49,"column":84}},"type":"cond-expr","locations":[{"start":{"line":48,"column":10},"end":{"line":48,"column":113}},{"start":{"line":49,"column":10},"end":{"line":49,"column":84}}]},"1":{"loc":{"start":{"line":77,"column":31},"end":{"line":77,"column":68}},"type":"binary-expr","locations":[{"start":{"line":77,"column":31},"end":{"line":77,"column":62}},{"start":{"line":77,"column":66},"end":{"line":77,"column":68}}]},"2":{"loc":{"start":{"line":114,"column":15},"end":{"line":117,"column":null}},"type":"binary-expr","locations":[{"start":{"line":114,"column":16},"end":{"line":114,"column":26}},{"start":{"line":114,"column":30},"end":{"line":114,"column":35}},{"start":{"line":115,"column":16},"end":{"line":116,"column":null}}]},"3":{"loc":{"start":{"line":116,"column":19},"end":{"line":116,"column":56}},"type":"binary-expr","locations":[{"start":{"line":116,"column":19},"end":{"line":116,"column":47}},{"start":{"line":116,"column":51},"end":{"line":116,"column":56}}]},"4":{"loc":{"start":{"line":116,"column":21},"end":{"line":116,"column":46}},"type":"binary-expr","locations":[{"start":{"line":116,"column":21},"end":{"line":116,"column":40}},{"start":{"line":116,"column":44},"end":{"line":116,"column":46}}]},"5":{"loc":{"start":{"line":158,"column":19},"end":{"line":163,"column":null}},"type":"binary-expr","locations":[{"start":{"line":158,"column":19},"end":{"line":158,"column":26}},{"start":{"line":159,"column":20},"end":{"line":162,"column":null}}]},"6":{"loc":{"start":{"line":166,"column":19},"end":{"line":169,"column":null}},"type":"binary-expr","locations":[{"start":{"line":166,"column":19},"end":{"line":166,"column":24}},{"start":{"line":167,"column":20},"end":{"line":168,"column":null}}]},"7":{"loc":{"start":{"line":172,"column":19},"end":{"line":187,"column":null}},"type":"binary-expr","locations":[{"start":{"line":172,"column":19},"end":{"line":172,"column":27}},{"start":{"line":172,"column":31},"end":{"line":172,"column":37}},{"start":{"line":173,"column":20},"end":{"line":186,"column":null}}]}},"s":{"0":0,"1":0,"2":0,"3":0,"4":0,"5":0,"6":0,"7":0,"8":0,"9":0,"10":0,"11":0,"12":0,"13":0,"14":0,"15":0,"16":0,"17":0,"18":0,"19":0,"20":0,"21":0,"22":0,"23":0,"24":0,"25":0,"26":0,"27":0,"28":0,"29":0,"30":0,"31":0,"32":0,"33":0,"34":0,"35":0,"36":0},"f":{"0":0,"1":0,"2":0,"3":0,"4":0,"5":0,"6":0},"b":{"0":[0,0],"1":[0,0],"2":[0,0,0],"3":[0,0],"4":[0,0],"5":[0,0],"6":[0,0],"7":[0,0,0]}}
,"/Users/ajith/Desktop/untitled folder/gov-support/src/components/NavigationBar/index.tsx": {"path":"/Users/ajith/Desktop/untitled folder/gov-support/src/components/NavigationBar/index.tsx","statementMap":{"0":{"start":{"line":6,"column":0},"end":{"line":6,"column":24}},"1":{"start":{"line":1,"column":0},"end":{"line":1,"column":60}},"2":{"start":{"line":2,"column":0},"end":{"line":2,"column":47}},"3":{"start":{"line":3,"column":0},"end":{"line":3,"column":62}},"4":{"start":{"line":4,"column":0},"end":{"line":4,"column":50}},"5":{"start":{"line":7,"column":16},"end":{"line":7,"column":35}},"6":{"start":{"line":8,"column":19},"end":{"line":8,"column":30}},"7":{"start":{"line":9,"column":22},"end":{"line":9,"column":34}},"8":{"start":{"line":11,"column":2},"end":{"line":71,"column":4}}},"fnMap":{"0":{"name":"NavigationBar","decl":{"start":{"line":6,"column":24},"end":{"line":6,"column":37}},"loc":{"start":{"line":6,"column":37},"end":{"line":72,"column":1}}}},"branchMap":{"0":{"loc":{"start":{"line":9,"column":22},"end":{"line":9,"column":34}},"type":"binary-expr","locations":[{"start":{"line":9,"column":22},"end":{"line":9,"column":26}},{"start":{"line":9,"column":30},"end":{"line":9,"column":34}}]}},"s":{"0":0,"1":0,"2":0,"3":0,"4":0,"5":0,"6":0,"7":0,"8":0},"f":{"0":0},"b":{"0":[0,0]}}
,"/Users/ajith/Desktop/untitled folder/gov-support/src/components/NavigationBar/languageSwitcher.tsx": {"path":"/Users/ajith/Desktop/untitled folder/gov-support/src/components/NavigationBar/languageSwitcher.tsx","statementMap":{"0":{"start":{"line":5,"column":0},"end":{"line":5,"column":24}},"1":{"start":{"line":1,"column":0},"end":{"line":1,"column":62}},"2":{"start":{"line":2,"column":0},"end":{"line":2,"column":49}},"3":{"start":{"line":3,"column":0},"end":{"line":3,"column":67}},"4":{"start":{"line":6,"column":36},"end":{"line":6,"column":55}},"5":{"start":{"line":7,"column":19},"end":{"line":7,"column":32}},"6":{"start":{"line":8,"column":19},"end":{"line":8,"column":30}},"7":{"start":{"line":9,"column":19},"end":{"line":9,"column":32}},"8":{"start":{"line":11,"column":31},"end":{"line":20,"column":3}},"9":{"start":{"line":12,"column":4},"end":{"line":12,"column":25}},"10":{"start":{"line":14,"column":4},"end":{"line":14,"column":68}},"11":{"start":{"line":16,"column":24},"end":{"line":16,"column":41}},"12":{"start":{"line":17,"column":24},"end":{"line":17,"column":40}},"13":{"start":{"line":18,"column":20},"end":{"line":18,"column":73}},"14":{"start":{"line":19,"column":4},"end":{"line":19,"column":41}},"15":{"start":{"line":22,"column":2},"end":{"line":51,"column":4}},"16":{"start":{"line":25,"column":23},"end":{"line":25,"column":59}}},"fnMap":{"0":{"name":"LanguageSwitcher","decl":{"start":{"line":5,"column":24},"end":{"line":5,"column":40}},"loc":{"start":{"line":5,"column":40},"end":{"line":52,"column":1}}},"1":{"name":"(anonymous_1)","decl":{"start":{"line":11,"column":31},"end":{"line":11,"column":32}},"loc":{"start":{"line":11,"column":43},"end":{"line":20,"column":3}}},"2":{"name":"(anonymous_2)","decl":{"start":{"line":25,"column":16},"end":{"line":25,"column":17}},"loc":{"start":{"line":25,"column":23},"end":{"line":25,"column":59}}}},"branchMap":{"0":{"loc":{"start":{"line":14,"column":35},"end":{"line":14,"column":67}},"type":"cond-expr","locations":[{"start":{"line":14,"column":54},"end":{"line":14,"column":59}},{"start":{"line":14,"column":62},"end":{"line":14,"column":67}}]},"1":{"loc":{"start":{"line":17,"column":24},"end":{"line":17,"column":40}},"type":"binary-expr","locations":[{"start":{"line":17,"column":24},"end":{"line":17,"column":28}},{"start":{"line":17,"column":32},"end":{"line":17,"column":40}}]}},"s":{"0":0,"1":0,"2":0,"3":0,"4":0,"5":0,"6":0,"7":0,"8":0,"9":0,"10":0,"11":0,"12":0,"13":0,"14":0,"15":0,"16":0},"f":{"0":0,"1":0,"2":0},"b":{"0":[0,0],"1":[0,0]}}
,"/Users/ajith/Desktop/untitled folder/gov-support/src/components/TypingText/index.tsx": {"path":"/Users/ajith/Desktop/untitled folder/gov-support/src/components/TypingText/index.tsx","statementMap":{"0":{"start":{"line":4,"column":0},"end":{"line":4,"column":24}},"1":{"start":{"line":1,"column":0},"end":{"line":1,"column":43}},"2":{"start":{"line":2,"column":0},"end":{"line":2,"column":44}},"3":{"start":{"line":5,"column":36},"end":{"line":5,"column":48}},"4":{"start":{"line":7,"column":2},"end":{"line":17,"column":20}},"5":{"start":{"line":8,"column":12},"end":{"line":8,"column":13}},"6":{"start":{"line":10,"column":21},"end":{"line":14,"column":13}},"7":{"start":{"line":11,"column":6},"end":{"line":11,"column":37}},"8":{"start":{"line":12,"column":6},"end":{"line":12,"column":10}},"9":{"start":{"line":13,"column":6},"end":{"line":13,"column":51}},"10":{"start":{"line":13,"column":27},"end":{"line":13,"column":51}},"11":{"start":{"line":16,"column":4},"end":{"line":16,"column":41}},"12":{"start":{"line":16,"column":17},"end":{"line":16,"column":40}},"13":{"start":{"line":19,"column":2},"end":{"line":27,"column":4}}},"fnMap":{"0":{"name":"TypingEffect","decl":{"start":{"line":4,"column":24},"end":{"line":4,"column":36}},"loc":{"start":{"line":4,"column":76},"end":{"line":28,"column":1}}},"1":{"name":"(anonymous_1)","decl":{"start":{"line":7,"column":12},"end":{"line":7,"column":15}},"loc":{"start":{"line":7,"column":17},"end":{"line":17,"column":3}}},"2":{"name":"(anonymous_2)","decl":{"start":{"line":10,"column":33},"end":{"line":10,"column":36}},"loc":{"start":{"line":10,"column":38},"end":{"line":14,"column":5}}},"3":{"name":"(anonymous_3)","decl":{"start":{"line":16,"column":11},"end":{"line":16,"column":14}},"loc":{"start":{"line":16,"column":17},"end":{"line":16,"column":40}}}},"branchMap":{"0":{"loc":{"start":{"line":4,"column":45},"end":{"line":4,"column":55}},"type":"default-arg","locations":[{"start":{"line":4,"column":53},"end":{"line":4,"column":55}}]},"1":{"loc":{"start":{"line":4,"column":57},"end":{"line":4,"column":74}},"type":"default-arg","locations":[{"start":{"line":4,"column":68},"end":{"line":4,"column":74}}]},"2":{"loc":{"start":{"line":13,"column":6},"end":{"line":13,"column":51}},"type":"if","locations":[{"start":{"line":13,"column":6},"end":{"line":13,"column":51}},{"start":{},"end":{}}]}},"s":{"0":0,"1":0,"2":0,"3":0,"4":0,"5":0,"6":0,"7":0,"8":0,"9":0,"10":0,"11":0,"12":0,"13":0},"f":{"0":0,"1":0,"2":0,"3":0},"b":{"0":[0],"1":[0],"2":[0,0]}}
,"/Users/ajith/Desktop/untitled folder/gov-support/src/constants/index.ts": {"path":"/Users/ajith/Desktop/untitled folder/gov-support/src/constants/index.ts","statementMap":{"0":{"start":{"line":2,"column":13},"end":{"line":10,"column":11}},"1":{"start":{"line":13,"column":13},"end":{"line":17,"column":11}},"2":{"start":{"line":20,"column":13},"end":{"line":23,"column":11}},"3":{"start":{"line":25,"column":13},"end":{"line":25,"column":82}},"4":{"start":{"line":28,"column":13},"end":{"line":36,"column":11}},"5":{"start":{"line":40,"column":13},"end":{"line":48,"column":11}},"6":{"start":{"line":51,"column":13},"end":{"line":55,"column":11}},"7":{"start":{"line":58,"column":13},"end":{"line":64,"column":11}},"8":{"start":{"line":67,"column":13},"end":{"line":75,"column":11}},"9":{"start":{"line":78,"column":13},"end":{"line":81,"column":11}},"10":{"start":{"line":84,"column":13},"end":{"line":91,"column":11}},"11":{"start":{"line":93,"column":13},"end":{"line":100,"column":11}},"12":{"start":{"line":103,"column":13},"end":{"line":107,"column":11}},"13":{"start":{"line":110,"column":13},"end":{"line":118,"column":11}},"14":{"start":{"line":121,"column":13},"end":{"line":126,"column":11}}},"fnMap":{},"branchMap":{},"s":{"0":4,"1":4,"2":4,"3":4,"4":4,"5":4,"6":4,"7":4,"8":4,"9":4,"10":4,"11":4,"12":4,"13":4,"14":4},"f":{},"b":{}}
,"/Users/ajith/Desktop/untitled folder/gov-support/src/hooks/useAppTranslation.ts": {"path":"/Users/ajith/Desktop/untitled folder/gov-support/src/hooks/useAppTranslation.ts","statementMap":{"0":{"start":{"line":3,"column":0},"end":{"line":3,"column":24}},"1":{"start":{"line":1,"column":0},"end":{"line":1,"column":47}},"2":{"start":{"line":4,"column":22},"end":{"line":4,"column":38}},"3":{"start":{"line":6,"column":19},"end":{"line":6,"column":32}},"4":{"start":{"line":7,"column":14},"end":{"line":7,"column":24}},"5":{"start":{"line":9,"column":22},"end":{"line":11,"column":3}},"6":{"start":{"line":10,"column":4},"end":{"line":10,"column":29}},"7":{"start":{"line":13,"column":2},"end":{"line":19,"column":4}}},"fnMap":{"0":{"name":"useAppTranslation","decl":{"start":{"line":3,"column":24},"end":{"line":3,"column":41}},"loc":{"start":{"line":3,"column":41},"end":{"line":20,"column":1}}},"1":{"name":"(anonymous_1)","decl":{"start":{"line":9,"column":22},"end":{"line":9,"column":23}},"loc":{"start":{"line":9,"column":38},"end":{"line":11,"column":3}}}},"branchMap":{},"s":{"0":0,"1":0,"2":0,"3":0,"4":0,"5":0,"6":0,"7":0},"f":{"0":0,"1":0},"b":{}}
,"/Users/ajith/Desktop/untitled folder/gov-support/src/hooks/useAutoSave.ts": {"path":"/Users/ajith/Desktop/untitled folder/gov-support/src/hooks/useAutoSave.ts","statementMap":{"0":{"start":{"line":6,"column":0},"end":{"line":6,"column":24}},"1":{"start":{"line":1,"column":0},"end":{"line":1,"column":52}},"2":{"start":{"line":2,"column":0},"end":{"line":2,"column":58}},"3":{"start":{"line":11,"column":30},"end":{"line":11,"column":77}},"4":{"start":{"line":12,"column":21},"end":{"line":12,"column":56}},"5":{"start":{"line":13,"column":24},"end":{"line":13,"column":36}},"6":{"start":{"line":15,"column":2},"end":{"line":60,"column":27}},"7":{"start":{"line":17,"column":4},"end":{"line":20,"column":5}},"8":{"start":{"line":18,"column":6},"end":{"line":18,"column":36}},"9":{"start":{"line":19,"column":6},"end":{"line":19,"column":13}},"10":{"start":{"line":22,"column":4},"end":{"line":24,"column":5}},"11":{"start":{"line":23,"column":6},"end":{"line":23,"column":13}},"12":{"start":{"line":27,"column":4},"end":{"line":29,"column":5}},"13":{"start":{"line":28,"column":6},"end":{"line":28,"column":39}},"14":{"start":{"line":32,"column":4},"end":{"line":32,"column":39}},"15":{"start":{"line":35,"column":4},"end":{"line":53,"column":36}},"16":{"start":{"line":36,"column":6},"end":{"line":52,"column":7}},"17":{"start":{"line":37,"column":8},"end":{"line":37,"column":56}},"18":{"start":{"line":38,"column":8},"end":{"line":38,"column":42}},"19":{"start":{"line":41,"column":8},"end":{"line":43,"column":17}},"20":{"start":{"line":42,"column":10},"end":{"line":42,"column":43}},"21":{"start":{"line":45,"column":8},"end":{"line":45,"column":49}},"22":{"start":{"line":46,"column":8},"end":{"line":46,"column":42}},"23":{"start":{"line":49,"column":8},"end":{"line":51,"column":17}},"24":{"start":{"line":50,"column":10},"end":{"line":50,"column":43}},"25":{"start":{"line":55,"column":4},"end":{"line":59,"column":6}},"26":{"start":{"line":56,"column":6},"end":{"line":58,"column":7}},"27":{"start":{"line":57,"column":8},"end":{"line":57,"column":41}},"28":{"start":{"line":62,"column":2},"end":{"line":62,"column":16}}},"fnMap":{"0":{"name":"useAutoSave","decl":{"start":{"line":6,"column":24},"end":{"line":6,"column":35}},"loc":{"start":{"line":9,"column":25},"end":{"line":63,"column":1}}},"1":{"name":"(anonymous_1)","decl":{"start":{"line":15,"column":12},"end":{"line":15,"column":15}},"loc":{"start":{"line":15,"column":17},"end":{"line":60,"column":3}}},"2":{"name":"(anonymous_2)","decl":{"start":{"line":35,"column":36},"end":{"line":35,"column":39}},"loc":{"start":{"line":35,"column":41},"end":{"line":53,"column":5}}},"3":{"name":"(anonymous_3)","decl":{"start":{"line":41,"column":19},"end":{"line":41,"column":22}},"loc":{"start":{"line":41,"column":24},"end":{"line":43,"column":9}}},"4":{"name":"(anonymous_4)","decl":{"start":{"line":49,"column":19},"end":{"line":49,"column":22}},"loc":{"start":{"line":49,"column":24},"end":{"line":51,"column":9}}},"5":{"name":"(anonymous_5)","decl":{"start":{"line":55,"column":11},"end":{"line":55,"column":14}},"loc":{"start":{"line":55,"column":16},"end":{"line":59,"column":5}}}},"branchMap":{"0":{"loc":{"start":{"line":9,"column":2},"end":{"line":9,"column":25}},"type":"default-arg","locations":[{"start":{"line":9,"column":21},"end":{"line":9,"column":25}}]},"1":{"loc":{"start":{"line":17,"column":4},"end":{"line":20,"column":5}},"type":"if","locations":[{"start":{"line":17,"column":4},"end":{"line":20,"column":5}},{"start":{},"end":{}}]},"2":{"loc":{"start":{"line":22,"column":4},"end":{"line":24,"column":5}},"type":"if","locations":[{"start":{"line":22,"column":4},"end":{"line":24,"column":5}},{"start":{},"end":{}}]},"3":{"loc":{"start":{"line":27,"column":4},"end":{"line":29,"column":5}},"type":"if","locations":[{"start":{"line":27,"column":4},"end":{"line":29,"column":5}},{"start":{},"end":{}}]},"4":{"loc":{"start":{"line":56,"column":6},"end":{"line":58,"column":7}},"type":"if","locations":[{"start":{"line":56,"column":6},"end":{"line":58,"column":7}},{"start":{},"end":{}}]}},"s":{"0":1,"1":1,"2":1,"3":8,"4":8,"5":8,"6":8,"7":6,"8":3,"9":3,"10":3,"11":0,"12":3,"13":2,"14":3,"15":3,"16":1,"17":1,"18":1,"19":1,"20":0,"21":0,"22":0,"23":0,"24":0,"25":3,"26":3,"27":3,"28":8},"f":{"0":8,"1":6,"2":1,"3":0,"4":0,"5":3},"b":{"0":[0],"1":[3,3],"2":[0,3],"3":[2,1],"4":[3,0]}}
,"/Users/ajith/Desktop/untitled folder/gov-support/src/hooks/useLocalStorage.ts": {"path":"/Users/ajith/Desktop/untitled folder/gov-support/src/hooks/useLocalStorage.ts","statementMap":{"0":{"start":{"line":3,"column":0},"end":{"line":3,"column":24}},"1":{"start":{"line":1,"column":0},"end":{"line":1,"column":33}},"2":{"start":{"line":7,"column":40},"end":{"line":14,"column":4}},"3":{"start":{"line":8,"column":4},"end":{"line":13,"column":5}},"4":{"start":{"line":9,"column":19},"end":{"line":9,"column":44}},"5":{"start":{"line":10,"column":6},"end":{"line":10,"column":52}},"6":{"start":{"line":12,"column":6},"end":{"line":12,"column":26}},"7":{"start":{"line":16,"column":19},"end":{"line":25,"column":3}},"8":{"start":{"line":17,"column":4},"end":{"line":24,"column":5}},"9":{"start":{"line":19,"column":8},"end":{"line":19,"column":62}},"10":{"start":{"line":20,"column":6},"end":{"line":20,"column":35}},"11":{"start":{"line":21,"column":6},"end":{"line":21,"column":62}},"12":{"start":{"line":23,"column":6},"end":{"line":23,"column":27}},"13":{"start":{"line":27,"column":22},"end":{"line":34,"column":3}},"14":{"start":{"line":28,"column":4},"end":{"line":33,"column":5}},"15":{"start":{"line":29,"column":6},"end":{"line":29,"column":35}},"16":{"start":{"line":30,"column":6},"end":{"line":30,"column":35}},"17":{"start":{"line":32,"column":6},"end":{"line":32,"column":27}},"18":{"start":{"line":36,"column":2},"end":{"line":36,"column":46}}},"fnMap":{"0":{"name":"useLocalStorage","decl":{"start":{"line":3,"column":24},"end":{"line":3,"column":39}},"loc":{"start":{"line":5,"column":17},"end":{"line":37,"column":1}}},"1":{"name":"(anonymous_1)","decl":{"start":{"line":7,"column":52},"end":{"line":7,"column":55}},"loc":{"start":{"line":7,"column":57},"end":{"line":14,"column":3}}},"2":{"name":"(anonymous_2)","decl":{"start":{"line":16,"column":19},"end":{"line":16,"column":20}},"loc":{"start":{"line":16,"column":50},"end":{"line":25,"column":3}}},"3":{"name":"(anonymous_3)","decl":{"start":{"line":27,"column":22},"end":{"line":27,"column":25}},"loc":{"start":{"line":27,"column":27},"end":{"line":34,"column":3}}}},"branchMap":{"0":{"loc":{"start":{"line":10,"column":13},"end":{"line":10,"column":51}},"type":"cond-expr","locations":[{"start":{"line":10,"column":20},"end":{"line":10,"column":36}},{"start":{"line":10,"column":39},"end":{"line":10,"column":51}}]},"1":{"loc":{"start":{"line":19,"column":8},"end":{"line":19,"column":62}},"type":"cond-expr","locations":[{"start":{"line":19,"column":36},"end":{"line":19,"column":54}},{"start":{"line":19,"column":57},"end":{"line":19,"column":62}}]}},"s":{"0":1,"1":1,"2":8,"3":4,"4":4,"5":4,"6":0,"7":8,"8":3,"9":3,"10":3,"11":3,"12":0,"13":8,"14":1,"15":1,"16":1,"17":0,"18":8},"f":{"0":8,"1":4,"2":3,"3":1},"b":{"0":[0,4],"1":[0,3]}}
,"/Users/ajith/Desktop/untitled folder/gov-support/src/i18n/index.ts": {"path":"/Users/ajith/Desktop/untitled folder/gov-support/src/i18n/index.ts","statementMap":{"0":{"start":{"line":1,"column":0},"end":{"line":1,"column":27}},"1":{"start":{"line":2,"column":0},"end":{"line":2,"column":49}},"2":{"start":{"line":3,"column":0},"end":{"line":3,"column":64}},"3":{"start":{"line":5,"column":0},"end":{"line":5,"column":47}},"4":{"start":{"line":6,"column":0},"end":{"line":6,"column":47}},"5":{"start":{"line":7,"column":0},"end":{"line":7,"column":41}},"6":{"start":{"line":9,"column":27},"end":{"line":12,"column":1}},"7":{"start":{"line":10,"column":20},"end":{"line":10,"column":72}},"8":{"start":{"line":11,"column":2},"end":{"line":11,"column":32}},"9":{"start":{"line":14,"column":20},"end":{"line":14,"column":61}},"10":{"start":{"line":16,"column":0},"end":{"line":29,"column":5}},"11":{"start":{"line":31,"column":19},"end":{"line":31,"column":86}},"12":{"start":{"line":32,"column":0},"end":{"line":32,"column":42}},"13":{"start":{"line":33,"column":0},"end":{"line":33,"column":61}},"14":{"start":{"line":35,"column":0},"end":{"line":50,"column":3}},"15":{"start":{"line":36,"column":14},"end":{"line":36,"column":54}},"16":{"start":{"line":37,"column":2},"end":{"line":37,"column":37}},"17":{"start":{"line":38,"column":2},"end":{"line":38,"column":38}},"18":{"start":{"line":40,"column":22},"end":{"line":40,"column":46}},"19":{"start":{"line":41,"column":20},"end":{"line":41,"column":59}},"20":{"start":{"line":42,"column":2},"end":{"line":47,"column":3}},"21":{"start":{"line":43,"column":20},"end":{"line":43,"column":50}},"22":{"start":{"line":44,"column":4},"end":{"line":46,"column":5}},"23":{"start":{"line":45,"column":6},"end":{"line":45,"column":53}},"24":{"start":{"line":49,"column":2},"end":{"line":49,"column":27}},"25":{"start":{"line":52,"column":0},"end":{"line":52,"column":20}}},"fnMap":{"0":{"name":"(anonymous_0)","decl":{"start":{"line":9,"column":27},"end":{"line":9,"column":45}},"loc":{"start":{"line":9,"column":47},"end":{"line":12,"column":1}}},"1":{"name":"(anonymous_1)","decl":{"start":{"line":35,"column":27},"end":{"line":35,"column":28}},"loc":{"start":{"line":35,"column":35},"end":{"line":50,"column":1}}}},"branchMap":{"0":{"loc":{"start":{"line":11,"column":9},"end":{"line":11,"column":31}},"type":"binary-expr","locations":[{"start":{"line":11,"column":9},"end":{"line":11,"column":23}},{"start":{"line":11,"column":27},"end":{"line":11,"column":31}}]},"1":{"loc":{"start":{"line":14,"column":20},"end":{"line":14,"column":61}},"type":"binary-expr","locations":[{"start":{"line":14,"column":20},"end":{"line":14,"column":40}},{"start":{"line":14,"column":44},"end":{"line":14,"column":61}}]},"2":{"loc":{"start":{"line":31,"column":19},"end":{"line":31,"column":86}},"type":"cond-expr","locations":[{"start":{"line":31,"column":73},"end":{"line":31,"column":78}},{"start":{"line":31,"column":81},"end":{"line":31,"column":86}}]},"3":{"loc":{"start":{"line":31,"column":20},"end":{"line":31,"column":48}},"type":"binary-expr","locations":[{"start":{"line":31,"column":20},"end":{"line":31,"column":31}},{"start":{"line":31,"column":35},"end":{"line":31,"column":48}}]},"4":{"loc":{"start":{"line":33,"column":32},"end":{"line":33,"column":60}},"type":"binary-expr","locations":[{"start":{"line":33,"column":32},"end":{"line":33,"column":43}},{"start":{"line":33,"column":47},"end":{"line":33,"column":60}}]},"5":{"loc":{"start":{"line":36,"column":14},"end":{"line":36,"column":54}},"type":"cond-expr","locations":[{"start":{"line":36,"column":41},"end":{"line":36,"column":46}},{"start":{"line":36,"column":49},"end":{"line":36,"column":54}}]},"6":{"loc":{"start":{"line":42,"column":2},"end":{"line":47,"column":3}},"type":"if","locations":[{"start":{"line":42,"column":2},"end":{"line":47,"column":3}},{"start":{},"end":{}}]},"7":{"loc":{"start":{"line":43,"column":30},"end":{"line":43,"column":48}},"type":"binary-expr","locations":[{"start":{"line":43,"column":30},"end":{"line":43,"column":42}},{"start":{"line":43,"column":46},"end":{"line":43,"column":48}}]},"8":{"loc":{"start":{"line":44,"column":4},"end":{"line":46,"column":5}},"type":"if","locations":[{"start":{"line":44,"column":4},"end":{"line":46,"column":5}},{"start":{},"end":{}}]}},"s":{"0":0,"1":0,"2":0,"3":0,"4":0,"5":0,"6":0,"7":0,"8":0,"9":0,"10":0,"11":0,"12":0,"13":0,"14":0,"15":0,"16":0,"17":0,"18":0,"19":0,"20":0,"21":0,"22":0,"23":0,"24":0,"25":0},"f":{"0":0,"1":0},"b":{"0":[0,0],"1":[0,0],"2":[0,0],"3":[0,0],"4":[0,0],"5":[0,0],"6":[0,0],"7":[0,0],"8":[0,0]}}
,"/Users/ajith/Desktop/untitled folder/gov-support/src/pages/FormOne/helper.ts": {"path":"/Users/ajith/Desktop/untitled folder/gov-support/src/pages/FormOne/helper.ts","statementMap":{"0":{"start":{"line":22,"column":13},"end":{"line":114,"column":2}},"1":{"start":{"line":45,"column":8},"end":{"line":45,"column":32}},"2":{"start":{"line":45,"column":20},"end":{"line":45,"column":32}},"3":{"start":{"line":46,"column":29},"end":{"line":46,"column":54}},"4":{"start":{"line":47,"column":22},"end":{"line":47,"column":32}},"5":{"start":{"line":48,"column":8},"end":{"line":48,"column":61}},"6":{"start":{"line":93,"column":27},"end":{"line":93,"column":42}},"7":{"start":{"line":94,"column":8},"end":{"line":94,"column":50}},"8":{"start":{"line":94,"column":25},"end":{"line":94,"column":50}},"9":{"start":{"line":96,"column":8},"end":{"line":96,"column":64}},"10":{"start":{"line":96,"column":35},"end":{"line":96,"column":64}},"11":{"start":{"line":97,"column":8},"end":{"line":97,"column":20}}},"fnMap":{"0":{"name":"(anonymous_0)","decl":{"start":{"line":44,"column":16},"end":{"line":44,"column":17}},"loc":{"start":{"line":44,"column":35},"end":{"line":49,"column":7}}},"1":{"name":"(anonymous_1)","decl":{"start":{"line":92,"column":16},"end":{"line":92,"column":17}},"loc":{"start":{"line":92,"column":35},"end":{"line":98,"column":7}}}},"branchMap":{"0":{"loc":{"start":{"line":45,"column":8},"end":{"line":45,"column":32}},"type":"if","locations":[{"start":{"line":45,"column":8},"end":{"line":45,"column":32}},{"start":{},"end":{}}]},"1":{"loc":{"start":{"line":48,"column":15},"end":{"line":48,"column":60}},"type":"binary-expr","locations":[{"start":{"line":48,"column":15},"end":{"line":48,"column":35}},{"start":{"line":48,"column":39},"end":{"line":48,"column":60}}]},"2":{"loc":{"start":{"line":94,"column":8},"end":{"line":94,"column":50}},"type":"if","locations":[{"start":{"line":94,"column":8},"end":{"line":94,"column":50}},{"start":{},"end":{}}]},"3":{"loc":{"start":{"line":96,"column":8},"end":{"line":96,"column":64}},"type":"if","locations":[{"start":{"line":96,"column":8},"end":{"line":96,"column":64}},{"start":{},"end":{}}]}},"s":{"0":0,"1":0,"2":0,"3":0,"4":0,"5":0,"6":0,"7":0,"8":0,"9":0,"10":0,"11":0},"f":{"0":0,"1":0},"b":{"0":[0,0],"1":[0,0],"2":[0,0],"3":[0,0]}}
,"/Users/ajith/Desktop/untitled folder/gov-support/src/pages/FormOne/index.tsx": {"path":"/Users/ajith/Desktop/untitled folder/gov-support/src/pages/FormOne/index.tsx","statementMap":{"0":{"start":{"line":13,"column":0},"end":{"line":13,"column":24}},"1":{"start":{"line":1,"column":0},"end":{"line":1,"column":54}},"2":{"start":{"line":2,"column":0},"end":{"line":2,"column":61}},"3":{"start":{"line":3,"column":0},"end":{"line":3,"column":46}},"4":{"start":{"line":4,"column":0},"end":{"line":4,"column":67}},"5":{"start":{"line":5,"column":0},"end":{"line":5,"column":73}},"6":{"start":{"line":6,"column":0},"end":{"line":6,"column":42}},"7":{"start":{"line":7,"column":0},"end":{"line":7,"column":62}},"8":{"start":{"line":8,"column":0},"end":{"line":8,"column":58}},"9":{"start":{"line":9,"column":0},"end":{"line":9,"column":50}},"10":{"start":{"line":10,"column":0},"end":{"line":10,"column":36}},"11":{"start":{"line":11,"column":0},"end":{"line":11,"column":47}},"12":{"start":{"line":14,"column":19},"end":{"line":14,"column":30}},"13":{"start":{"line":15,"column":16},"end":{"line":15,"column":35}},"14":{"start":{"line":16,"column":19},"end":{"line":16,"column":32}},"15":{"start":{"line":17,"column":22},"end":{"line":17,"column":34}},"16":{"start":{"line":19,"column":48},"end":{"line":21,"column":null}},"17":{"start":{"line":24,"column":43},"end":{"line":26,"column":4}},"18":{"start":{"line":29,"column":19},"end":{"line":29,"column":26}},"19":{"start":{"line":30,"column":2},"end":{"line":34,"column":4}},"20":{"start":{"line":36,"column":21},"end":{"line":38,"column":3}},"21":{"start":{"line":37,"column":4},"end":{"line":37,"column":37}},"22":{"start":{"line":40,"column":21},"end":{"line":43,"column":4}},"23":{"start":{"line":41,"column":4},"end":{"line":41,"column":67}},"24":{"start":{"line":42,"column":4},"end":{"line":42,"column":45}},"25":{"start":{"line":46,"column":23},"end":{"line":46,"column":75}},"26":{"start":{"line":46,"column":54},"end":{"line":46,"column":74}},"27":{"start":{"line":47,"column":21},"end":{"line":47,"column":71}},"28":{"start":{"line":47,"column":52},"end":{"line":47,"column":70}},"29":{"start":{"line":49,"column":2},"end":{"line":90,"column":4}},"30":{"start":{"line":61,"column":10},"end":{"line":63,"column":11}},"31":{"start":{"line":62,"column":12},"end":{"line":62,"column":24}},"32":{"start":{"line":66,"column":10},"end":{"line":84,"column":11}},"33":{"start":{"line":67,"column":12},"end":{"line":83,"column":14}},"34":{"start":{"line":86,"column":10},"end":{"line":86,"column":82}}},"fnMap":{"0":{"name":"FormOne","decl":{"start":{"line":13,"column":24},"end":{"line":13,"column":31}},"loc":{"start":{"line":13,"column":31},"end":{"line":91,"column":1}}},"1":{"name":"(anonymous_1)","decl":{"start":{"line":36,"column":21},"end":{"line":36,"column":24}},"loc":{"start":{"line":36,"column":26},"end":{"line":38,"column":3}}},"2":{"name":"(anonymous_2)","decl":{"start":{"line":40,"column":34},"end":{"line":40,"column":35}},"loc":{"start":{"line":40,"column":43},"end":{"line":43,"column":3}}},"3":{"name":"(anonymous_3)","decl":{"start":{"line":46,"column":47},"end":{"line":46,"column":48}},"loc":{"start":{"line":46,"column":54},"end":{"line":46,"column":74}}},"4":{"name":"(anonymous_4)","decl":{"start":{"line":47,"column":45},"end":{"line":47,"column":46}},"loc":{"start":{"line":47,"column":52},"end":{"line":47,"column":70}}},"5":{"name":"(anonymous_5)","decl":{"start":{"line":59,"column":32},"end":{"line":59,"column":33}},"loc":{"start":{"line":59,"column":42},"end":{"line":87,"column":9}}}},"branchMap":{"0":{"loc":{"start":{"line":17,"column":22},"end":{"line":17,"column":34}},"type":"binary-expr","locations":[{"start":{"line":17,"column":22},"end":{"line":17,"column":26}},{"start":{"line":17,"column":30},"end":{"line":17,"column":34}}]},"1":{"loc":{"start":{"line":25,"column":20},"end":{"line":25,"column":82}},"type":"binary-expr","locations":[{"start":{"line":25,"column":20},"end":{"line":25,"column":76}},{"start":{"line":25,"column":80},"end":{"line":25,"column":82}}]},"2":{"loc":{"start":{"line":61,"column":10},"end":{"line":63,"column":11}}
[...]
,"/Users/ajith/Desktop/untitled folder/gov-support/src/services/locationService.ts": {"path":"/Users/ajith/Desktop/untitled folder/gov-support/src/services/locationService.ts","statementMap":{"0":{"start":{"line":46,"column":0},"end":{"line":46,"column":7}},"1":{"start":{"line":65,"column":0},"end":{"line":65,"column":7}},"2":{"start":{"line":95,"column":0},"end":{"line":95,"column":7}},"3":{"start":{"line":1,"column":0},"end":{"line":1,"column":45}},"4":{"start":{"line":42,"column":39},"end":{"line":42,"column":43}},"5":{"start":{"line":43,"column":42},"end":{"line":43,"column":51}},"6":{"start":{"line":44,"column":43},"end":{"line":44,"column":52}},"7":{"start":{"line":47,"column":2},"end":{"line":49,"column":3}},"8":{"start":{"line":48,"column":4},"end":{"line":48,"column":26}},"9":{"start":{"line":51,"column":2},"end":{"line":62,"column":3}},"10":{"start":{"line":52,"column":21},"end":{"line":52,"column":57}},"11":{"start":{"line":53,"column":4},"end":{"line":55,"column":5}},"12":{"start":{"line":54,"column":6},"end":{"line":54,"column":51}},"13":{"start":{"line":56,"column":36},"end":{"line":56,"column":57}},"14":{"start":{"line":57,"column":4},"end":{"line":57,"column":37}},"15":{"start":{"line":58,"column":4},"end":{"line":58,"column":26}},"16":{"start":{"line":60,"column":4},"end":{"line":60,"column":54}},"17":{"start":{"line":61,"column":4},"end":{"line":61,"column":14}},"18":{"start":{"line":66,"column":19},"end":{"line":66,"column":44}},"19":{"start":{"line":68,"column":2},"end":{"line":70,"column":3}},"20":{"start":{"line":69,"column":4},"end":{"line":69,"column":38}},"21":{"start":{"line":72,"column":2},"end":{"line":92,"column":3}},"22":{"start":{"line":73,"column":21},"end":{"line":79,"column":6}},"23":{"start":{"line":81,"column":4},"end":{"line":83,"column":5}},"24":{"start":{"line":82,"column":6},"end":{"line":82,"column":48}},"25":{"start":{"line":85,"column":33},"end":{"line":85,"column":54}},"26":{"start":{"line":86,"column":19},"end":{"line":86,"column":42}},"27":{"start":{"line":87,"column":4},"end":{"line":87,"column":38}},"28":{"start":{"line":88,"column":4},"end":{"line":88,"column":18}},"29":{"start":{"line":90,"column":4},"end":{"line":90,"column":51}},"30":{"start":{"line":91,"column":4},"end":{"line":91,"column":14}},"31":{"start":{"line":96,"column":19},"end":{"line":96,"column":62}},"32":{"start":{"line":98,"column":2},"end":{"line":100,"column":3}},"33":{"start":{"line":99,"column":4},"end":{"line":99,"column":38}},"34":{"start":{"line":102,"column":2},"end":{"line":122,"column":3}},"35":{"start":{"line":103,"column":21},"end":{"line":109,"column":6}},"36":{"start":{"line":111,"column":4},"end":{"line":113,"column":5}},"37":{"start":{"line":112,"column":6},"end":{"line":112,"column":48}},"38":{"start":{"line":115,"column":33},"end":{"line":115,"column":54}},"39":{"start":{"line":116,"column":19},"end":{"line":116,"column":34}},"40":{"start":{"line":117,"column":4},"end":{"line":117,"column":38}},"41":{"start":{"line":118,"column":4},"end":{"line":118,"column":18}},"42":{"start":{"line":120,"column":4},"end":{"line":120,"column":51}},"43":{"start":{"line":121,"column":4},"end":{"line":121,"column":14}}},"fnMap":{"0":{"name":"fetchCountries","decl":{"start":{"line":46,"column":22},"end":{"line":46,"column":36}},"loc":{"start":{"line":46,"column":36},"end":{"line":63,"column":1}}},"1":{"name":"fetchStates","decl":{"start":{"line":65,"column":22},"end":{"line":65,"column":33}},"loc":{"start":{"line":65,"column":53},"end":{"line":93,"column":1}}},"2":{"name":"fetchCities","decl":{"start":{"line":95,"column":22},"end":{"line":95,"column":33}},"loc":{"start":{"line":95,"column":72},"end":{"line":123,"column":1}}}},"branchMap":{"0":{"loc":{"start":{"line":47,"column":2},"end":{"line":49,"column":3}},"type":"if","locations":[{"start":{"line":47,"column":2},"end":{"line":49,"column":3}},{"start":{},"end":{}}]},"1":{"loc":{"start":{"line":53,"column":4},"end":{"line":55,"column":5}},"type":"if","locations":[{"start":{"line":53,"column":4},"end":{"line":55,"column":5}},{"start":{},"end":{}}]},"2":{"loc":{"start":{"line":57,"column":21},"end":{"line":57,"column":36}},"type":"binary-expr","locations":[{"start":{"line":57,"column":21},"end":{"line":57,"column":30}},{"start":{"line":57,"column":34},"end":{"line":57,"column":36}}]},"3":{"loc":{"start":{"line":68,"column":2},"end":{"line":70,"column":3}},"type":"if","locations":[{"start":{"line":68,"column":2},"end":{"line":70,"column":3}},{"start":{},"end":{}}]},"4":{"loc":{"start":{"line":81,"column":4},"end":{"line":83,"column":5}},"type":"if","locations":[{"start":{"line":81,"column":4},"end":{"line":83,"column":5}},{"start":{},"end":{}}]},"5":{"loc":{"start":{"line":86,"column":19},"end":{"line":86,"column":42}},"type":"binary-expr","locations":[{"start":{"line":86,"column":19},"end":{"line":86,"column":36}},{"start":{"line":86,"column":40},"end":{"line":86,"column":42}}]},"6":{"loc":{"start":{"line":98,"column":2},"end":{"line":100,"column":3}},"type":"if","locations":[{"start":{"line":98,"column":2},"end":{"line":100,"column":3}},{"start":{},"end":{}}]},"7":{"loc":{"start":{"line":111,"column":4},"end":{"line":113,"column":5}},"type":"if","locations":[{"start":{"line":111,"column":4},"end":{"line":113,"column":5}},{"start":{},"end":{}}]},"8":{"loc":{"start":{"line":116,"column":19},"end":{"line":116,"column":34}},"type":"binary-expr","locations":[{"start":{"line":116,"column":19},"end":{"line":116,"column":28}},{"start":{"line":116,"column":32},"end":{"line":116,"column":34}}]}},"s":{"0":1,"1":1,"2":1,"3":1,"4":1,"5":1,"6":1,"7":2,"8":0,"9":2,"10":2,"11":0,"12":0,"13":0,"14":0,"15":0,"16":2,"17":2,"18":2,"19":2,"20":0,"21":2,"22":2,"23":0,"24":0,"25":0,"26":0,"27":0,"28":0,"29":2,"30":2,"31":0,"32":0,"33":0,"34":0,"35":0,"36":0,"37":0,"38":0,"39":0,"40":0,"41":0,"42":0,"43":0},"f":{"0":2,"1":2,"2":0},"b":{"0":[0,2],"1":[0,0],"2":[0,0],"3":[0,2],"4":[0,0],"5":[0,0],"6":[0,0],"7":[0,0],"8":[0,0]}}
,"/Users/ajith/Desktop/untitled folder/gov-support/src/services/api/authService.ts": {"path":"/Users/ajith/Desktop/untitled folder/gov-support/src/services/api/authService.ts","statementMap":{"0":{"start":{"line":1,"column":0},"end":{"line":1,"column":47}},"1":{"start":{"line":15,"column":13},"end":{"line":78,"column":2}},"2":{"start":{"line":18,"column":4},"end":{"line":18,"column":62}},"3":{"start":{"line":18,"column":35},"end":{"line":18,"column":60}},"4":{"start":{"line":21,"column":31},"end":{"line":25,"column":6}},"5":{"start":{"line":28,"column":4},"end":{"line":28,"column":70}},"6":{"start":{"line":29,"column":4},"end":{"line":29,"column":74}},"7":{"start":{"line":31,"column":4},"end":{"line":31,"column":18}},"8":{"start":{"line":36,"column":4},"end":{"line":36,"column":61}},"9":{"start":{"line":36,"column":35},"end":{"line":36,"column":59}},"10":{"start":{"line":39,"column":4},"end":{"line":39,"column":53}},"11":{"start":{"line":40,"column":4},"end":{"line":40,"column":56}},"12":{"start":{"line":44,"column":25},"end":{"line":44,"column":73}},"13":{"start":{"line":46,"column":4},"end":{"line":48,"column":5}},"14":{"start":{"line":47,"column":6},"end":{"line":47,"column":52}},"15":{"start":{"line":51,"column":4},"end":{"line":51,"column":61}},"16":{"start":{"line":51,"column":35},"end":{"line":51,"column":59}},"17":{"start":{"line":54,"column":31},"end":{"line":58,"column":6}},"18":{"start":{"line":61,"column":4},"end":{"line":61,"column":70}},"19":{"start":{"line":62,"column":4},"end":{"line":62,"column":74}},"20":{"start":{"line":64,"column":4},"end":{"line":64,"column":18}},"21":{"start":{"line":68,"column":4},"end":{"line":68,"column":57}},"22":{"start":{"line":72,"column":4},"end":{"line":72,"column":60}},"23":{"start":{"line":76,"column":4},"end":{"line":76,"column":59}}},"fnMap":{"0":{"name":"(anonymous_0)","decl":{"start":{"line":16,"column":9},"end":{"line":16,"column":14}},"loc":{"start":{"line":16,"column":70},"end":{"line":32,"column":3}}},"1":{"name":"(anonymous_1)","decl":{"start":{"line":18,"column":22},"end":{"line":18,"column":23}},"loc":{"start":{"line":18,"column":35},"end":{"line":18,"column":60}}},"2":{"name":"(anonymous_2)","decl":{"start":{"line":34,"column":10},"end":{"line":34,"column":15}},"loc":{"start":{"line":34,"column":36},"end":{"line":41,"column":3}}},"3":{"name":"(anonymous_3)","decl":{"start":{"line":36,"column":22},"end":{"line":36,"column":23}},"loc":{"start":{"line":36,"column":35},"end":{"line":36,"column":59}}},"4":{"name":"(anonymous_4)","decl":{"start":{"line":43,"column":16},"end":{"line":43,"column":21}},"loc":{"start":{"line":43,"column":48},"end":{"line":65,"column":3}}},"5":{"name":"(anonymous_5)","decl":{"start":{"line":51,"column":22},"end":{"line":51,"column":23}},"loc":{"start":{"line":51,"column":35},"end":{"line":51,"column":59}}},"6":{"name":"(anonymous_6)","decl":{"start":{"line":67,"column":18},"end":{"line":67,"column":36}},"loc":{"start":{"line":67,"column":38},"end":{"line":69,"column":3}}},"7":{"name":"(anonymous_7)","decl":{"start":{"line":71,"column":19},"end":{"line":71,"column":37}},"loc":{"start":{"line":71,"column":39},"end":{"line":73,"column":3}}},"8":{"name":"(anonymous_8)","decl":{"start":{"line":75,"column":19},"end":{"line":75,"column":31}},"loc":{"start":{"line":75,"column":33},"end":{"line":77,"column":3}}}},"branchMap":{"0":{"loc":{"start":{"line":46,"column":4},"end":{"line":48,"column":5}},"type":"if","locations":[{"start":{"line":46,"column":4},"end":{"line":48,"column":5}},{"start":{},"end":{}}]}},"s":{"0":0,"1":0,"2":0,"3":0,"4":0,"5":0,"6":0,"7":0,"8":0,"9":0,"10":0,"11":0,"12":0,"13":0,"14":0,"15":0,"16":0,"17":0,"18":0,"19":0,"20":0,"21":0,"22":0,"23":0},"f":{"0":0,"1":0,"2":0,"3":0,"4":0,"5":0,"6":0,"7":0,"8":0},"b":{"0":[0,0]}}
,"/Users/ajith/Desktop/untitled folder/gov-support/src/services/api/axiosInstance.ts": {"path":"/Users/ajith/Desktop/untitled folder/gov-support/src/services/api/axiosInstance.ts","statementMap":{"0":{"start":{"line":1,"column":0},"end":{"line":1,"column":26}},"1":{"start":{"line":2,"column":0},"end":{"line":2,"column":58}},"2":{"start":{"line":4,"column":22},"end":{"line":10,"column":2}},"3":{"start":{"line":12,"column":0},"end":{"line":12,"column":29}}},"fnMap":{},"branchMap":{},"s":{"0":0,"1":0,"2":0,"3":0},"f":{},"b":{}}
,"/Users/ajith/Desktop/untitled folder/gov-support/src/services/api/interceptors.ts": {"path":"/Users/ajith/Desktop/untitled folder/gov-support/src/services/api/interceptors.ts","statementMap":{"0":{"start":{"line":2,"column":0},"end":{"line":2,"column":44}},"1":{"start":{"line":3,"column":0},"end":{"line":3,"column":44}},"2":{"start":{"line":4,"column":0},"end":{"line":4,"column":46}},"3":{"start":{"line":7,"column":19},"end":{"line":7,"column":24}},"4":{"start":{"line":11,"column":5},"end":{"line":11,"column":7}},"5":{"start":{"line":13,"column":21},"end":{"line":23,"column":1}},"6":{"start":{"line":14,"column":2},"end":{"line":20,"column":5}},"7":{"start":{"line":15,"column":4},"end":{"line":19,"column":5}},"8":{"start":{"line":16,"column":6},"end":{"line":16,"column":25}},"9":{"start":{"line":18,"column":6},"end":{"line":18,"column":21}},"10":{"start":{"line":22,"column":2},"end":{"line":22,"column":19}},"11":{"start":{"line":26,"column":0},"end":{"line":37,"column":2}},"12":{"start":{"line":28,"column":18},"end":{"line":28,"column":46}},"13":{"start":{"line":29,"column":4},"end":{"line":31,"column":5}},"14":{"start":{"line":30,"column":6},"end":{"line":30,"column":55}},"15":{"start":{"line":32,"column":4},"end":{"line":32,"column":18}},"16":{"start":{"line":35,"column":4},"end":{"line":35,"column":33}},"17":{"start":{"line":40,"column":0},"end":{"line":92,"column":2}},"18":{"start":{"line":42,"column":4},"end":{"line":42,"column":20}},"19":{"start":{"line":45,"column":28},"end":{"line":45,"column":null}},"20":{"start":{"line":50,"column":4},"end":{"line":88,"column":5}},"21":{"start":{"line":51,"column":6},"end":{"line":62,"column":7}},"22":{"start":{"line":53,"column":8},"end":{"line":61,"column":13}},"23":{"start":{"line":54,"column":10},"end":{"line":54,"column":48}},"24":{"start":{"line":57,"column":12},"end":{"line":57,"column":50}},"25":{"start":{"line":60,"column":12},"end":{"line":60,"column":39}},"26":{"start":{"line":64,"column":6},"end":{"line":64,"column":36}},"27":{"start":{"line":65,"column":6},"end":{"line":65,"column":26}},"28":{"start":{"line":67,"column":6},"end":{"line":87,"column":7}},"29":{"start":{"line":69,"column":8},"end":{"line":69,"column":41}},"30":{"start":{"line":72,"column":8},"end":{"line":72,"column":23}},"31":{"start":{"line":75,"column":8},"end":{"line":75,"column":46}},"32":{"start":{"line":78,"column":8},"end":{"line":78,"column":44}},"33":{"start":{"line":79,"column":8},"end":{"line":79,"column":35}},"34":{"start":{"line":84,"column":8},"end":{"line":84,"column":44}},"35":{"start":{"line":86,"column":8},"end":{"line":86,"column":29}},"36":{"start":{"line":90,"column":4},"end":{"line":90,"column":33}},"37":{"start":{"line":94,"column":0},"end":{"line":94,"column":29}}},"fnMap":{"0":{"name":"(anonymous_0)","decl":{"start":{"line":13,"column":21},"end":{"line":13,"column":22}},"loc":{"start":{"line":13,"column":52},"end":{"line":23,"column":1}}},"1":{"name":"(anonymous_1)","decl":{"start":{"line":14,"column":22},"end":{"line":14,"column":23}},"loc":{"start":{"line":14,"column":31},"end":{"line":20,"column":3}}},"2":{"name":"(anonymous_2)","decl":{"start":{"line":27,"column":2},"end":{"line":27,"column":3}},"loc":{"start":{"line":27,"column":41},"end":{"line":33,"column":3}}},"3":{"name":"(anonymous_3)","decl":{"start":{"line":34,"column":2},"end":{"line":34,"column":3}},"loc":{"start":{"line":34,"column":12},"end":{"line":36,"column":3}}},"4":{"name":"(anonymous_4)","decl":{"start":{"line":41,"column":2},"end":{"line":41,"column":3}},"loc":{"start":{"line":41,"column":15},"end":{"line":43,"column":3}}},"5":{"name":"(anonymous_5)","decl":{"start":{"line":44,"column":2},"end":{"line":44,"column":7}},"loc":{"start":{"line":44,"column":30},"end":{"line":91,"column":3}}},"6":{"name":"(anonymous_6)","decl":{"start":{"line":53,"column":27},"end":{"line":53,"column":28}},"loc":{"start":{"line":53,"column":47},"end":{"line":55,"column":9}}},"7":{"name":"(anonymous_7)","decl":{"start":{"line":56,"column":16},"end":{"line":56,"column":19}},"loc":{"start":{"line":56,"column":21},"end":{"line":58,"column":11}}},"8":{"name":"(anonymous_8)","decl":{"start":{"line":59,"column":17},"end":{"line":59,"column":18}},"loc":{"start":{"line":59,"column":25},"end":{"line":61,"column":11}}}},"branchMap":{"0":{"loc":{"start":{"line":13,"column":22},"end":{"line":13,"column":48}},"type":"default-arg","locations":[{"start":{"line":13,"column":44},"end":{"line":13,"column":48}}]},"1":{"loc":{"start":{"line":15,"column":4},"end":{"line":19,"column":5}},"type":"if","locations":[{"start":{"line":15,"column":4},"end":{"line":19,"column":5}},{"start":{"line":17,"column":11},"end":{"line":19,"column":5}}]},"2":{"loc":{"start":{"line":29,"column":4},"end":{"line":31,"column":5}},"type":"if","locations":[{"start":{"line":29,"column":4},"end":{"line":31,"column":5}},{"start":{},"end":{}}]},"3":{"loc":{"start":{"line":29,"column":8},"end":{"line":29,"column":31}},"type":"binary-expr","locations":[{"start":{"line":29,"column":8},"end":{"line":29,"column":13}},{"start":{"line":29,"column":17},"end":{"line":29,"column":31}}]},"4":{"loc":{"start":{"line":50,"column":4},"end":{"line":88,"column":5}},"type":"if","locations":[{"start":{"line":50,"column":4},"end":{"line":88,"column":5}},{"start":{},"end":{}}]},"5":{"loc":{"start":{"line":50,"column":8},"end":{"line":50,"column":86}},"type":"binary-expr","locations":[{"start":{"line":50,"column":8},"end":{"line":50,"column":59}},{"start":{"line":50,"column":63},"end":{"line":50,"column":86}}]},"6":{"loc":{"start":{"line":51,"column":6},"end":{"line":62,"column":7}},"type":"if","locations":[{"start":{"line":51,"column":6},"end":{"line":62,"column":7}},{"start":{},"end":{}}]}},"s":{"0":0,"1":0,"2":0,"3":0,"4":0,"5":0,"6":0,"7":0,"8":0,"9":0,"10":0,"11":0,"12":0,"13":0,"14":0,"15":0,"16":0,"17":0,"18":0,"19":0,"20":0,"21":0,"22":0,"23":0,"24":0,"25":0,"26":0,"27":0,"28":0,"29":0,"30":0,"31":0,"32":0,"33":0,"34":0,"35":0,"36":0,"37":0},"f":{"0":0,"1":0,"2":0,"3":0,"4":0,"5":0,"6":0,"7":0,"8":0},"b":{"0":[0],"1":[0,0],"2":[0,0],"3":[0,0],"4":[0,0],"5":[0,0],"6":[0,0]}}
,"/Users/ajith/Desktop/untitled folder/gov-support/src/theme/createEmotionCache.ts": {"path":"/Users/ajith/Desktop/untitled folder/gov-support/src/theme/createEmotionCache.ts","statementMap":{"0":{"start":{"line":1,"column":0},"end":{"line":1,"column":41}},"1":{"start":{"line":3,"column":0},"end":{"line":3,"column":42}},"2":{"start":{"line":5,"column":34},"end":{"line":9,"column":4}},"3":{"start":{"line":6,"column":2},"end":{"line":9,"column":4}},"4":{"start":{"line":5,"column":13},"end":{"line":5,"column":34}}},"fnMap":{"0":{"name":"(anonymous_0)","decl":{"start":{"line":5,"column":34},"end":{"line":5,"column":35}},"loc":{"start":{"line":6,"column":2},"end":{"line":9,"column":4}}}},"branchMap":{"0":{"loc":{"start":{"line":5,"column":35},"end":{"line":5,"column":61}},"type":"default-arg","locations":[{"start":{"line":5,"column":56},"end":{"line":5,"column":61}}]},"1":{"loc":{"start":{"line":7,"column":9},"end":{"line":7,"column":42}},"type":"cond-expr","locations":[{"start":{"line":7,"column":25},"end":{"line":7,"column":34}},{"start":{"line":7,"column":37},"end":{"line":7,"column":42}}]},"2":{"loc":{"start":{"line":8,"column":19},"end":{"line":8,"column":51}},"type":"cond-expr","locations":[{"start":{"line":8,"column":35},"end":{"line":8,"column":46}},{"start":{"line":8,"column":49},"end":{"line":8,"column":51}}]}},"s":{"0":0,"1":0,"2":0,"3":0,"4":0},"f":{"0":0},"b":{"0":[0],"1":[0,0],"2":[0,0]}}
,"/Users/ajith/Desktop/untitled folder/gov-support/src/theme/theme.ts": {"path":"/Users/ajith/Desktop/untitled folder/gov-support/src/theme/theme.ts","statementMap":{"0":{"start":{"line":1,"column":0},"end":{"line":1,"column":51}},"1":{"start":{"line":4,"column":24},"end":{"line":26,"column":4}},"2":{"start":{"line":5,"column":2},"end":{"line":26,"column":4}},"3":{"start":{"line":4,"column":13},"end":{"line":4,"column":24}}},"fnMap":{"0":{"name":"(anonymous_0)","decl":{"start":{"line":4,"column":24},"end":{"line":4,"column":25}},"loc":{"start":{"line":5,"column":2},"end":{"line":26,"column":4}}}},"branchMap":{"0":{"loc":{"start":{"line":4,"column":25},"end":{"line":4,"column":51}},"type":"default-arg","locations":[{"start":{"line":4,"column":46},"end":{"line":4,"column":51}}]},"1":{"loc":{"start":{"line":8,"column":18},"end":{"line":8,"column":78}},"type":"cond-expr","locations":[{"start":{"line":8,"column":34},"end":{"line":8,"column":55}},{"start":{"line":8,"column":58},"end":{"line":8,"column":78}}]},"2":{"loc":{"start":{"line":14,"column":23},"end":{"line":14,"column":55}},"type":"cond-expr","locations":[{"start":{"line":14,"column":39},"end":{"line":14,"column":46}},{"start":{"line":14,"column":49},"end":{"line":14,"column":55}}]},"3":{"loc":{"start":{"line":21,"column":23},"end":{"line":21,"column":55}},"type":"cond-expr","locations":[{"start":{"line":21,"column":39},"end":{"line":21,"column":46}},{"start":{"line":21,"column":49},"end":{"line":21,"column":55}}]}},"s":{"0":0,"1":0,"2":0,"3":0},"f":{"0":0},"b":{"0":[0],"1":[0,0],"2":[0,0],"3":[0,0]}}
}
