TN:
SF:src/App.tsx
FN:11,StepRoute
FN:26,App
FN:34,(anonymous_2)
FNF:3
FNH:0
FNDA:0,StepRoute
FNDA:0,App
FNDA:0,(anonymous_2)
DA:1,0
DA:2,0
DA:3,0
DA:4,0
DA:5,0
DA:6,0
DA:7,0
DA:8,0
DA:9,0
DA:12,0
DA:13,0
DA:15,0
DA:16,0
DA:23,0
DA:27,0
DA:35,0
DA:36,0
DA:40,0
DA:41,0
DA:60,0
LF:20
LH:0
BRDA:15,0,0,0
BRDA:15,0,1,0
BRDA:35,1,0,0
BRDA:35,1,1,0
BRF:4
BRH:0
end_of_record
TN:
SF:src/routes.tsx
FN:12,LangRedirect
FN:21,RootRedirect
FN:25,getStepComponent
FN:38,LanguageRoute
FN:41,(anonymous_4)
FNF:5
FNH:0
FNDA:0,LangRedirect
FNDA:0,RootRedirect
FNDA:0,getStepComponent
FNDA:0,LanguageRoute
FNDA:0,(anonymous_4)
DA:1,0
DA:2,0
DA:3,0
DA:4,0
DA:5,0
DA:6,0
DA:7,0
DA:8,0
DA:9,0
DA:10,0
DA:12,0
DA:13,0
DA:15,0
DA:18,0
DA:21,0
DA:22,0
DA:25,0
DA:26,0
DA:28,0
DA:30,0
DA:32,0
DA:34,0
DA:38,0
DA:39,0
DA:41,0
DA:42,0
DA:43,0
DA:44,0
DA:49,0
DA:50,0
DA:53,0
DA:56,0
LF:32
LH:0
BRDA:15,0,0,0
BRDA:15,0,1,0
BRDA:15,1,0,0
BRDA:15,1,1,0
BRDA:17,2,0,0
BRDA:17,2,1,0
BRDA:22,3,0,0
BRDA:22,3,1,0
BRDA:26,4,0,0
BRDA:26,4,1,0
BRDA:26,4,2,0
BRDA:26,4,3,0
BRDA:42,5,0,0
BRDA:42,5,1,0
BRDA:42,6,0,0
BRDA:42,6,1,0
BRDA:43,7,0,0
BRDA:43,7,1,0
BRDA:49,8,0,0
BRDA:49,8,1,0
BRDA:49,9,0,0
BRDA:49,9,1,0
BRDA:50,10,0,0
BRDA:50,10,1,0
BRF:24
BRH:0
end_of_record
TN:
SF:src/theme.ts
FNF:0
FNH:0
DA:1,0
DA:4,0
DA:172,0
LF:3
LH:0
BRF:0
BRH:0
end_of_record
TN:
SF:src/components/AutoSaveIndicator.tsx
FN:13,AutoSaveIndicator
FNF:1
FNH:1
FNDA:4,AutoSaveIndicator
DA:1,1
DA:2,1
DA:3,1
DA:4,1
DA:5,1
DA:13,1
DA:14,4
DA:16,4
DA:17,1
DA:20,3
LF:10
LH:10
BRDA:16,0,0,1
BRDA:16,0,1,3
BRDA:33,1,0,3
BRDA:33,1,1,1
BRDA:42,2,0,3
BRDA:42,2,1,1
BRDA:51,3,0,3
BRDA:51,3,1,1
BRF:8
BRH:8
end_of_record
TN:
SF:src/components/ErrorBoundary/index.tsx
FN:13,(anonymous_0)
FN:27,(anonymous_1)
FN:18,(anonymous_2)
FN:22,(anonymous_3)
FN:31,(anonymous_4)
FNF:5
FNH:4
FNDA:6,(anonymous_0)
FNDA:0,(anonymous_1)
FNDA:4,(anonymous_2)
FNDA:2,(anonymous_3)
FNDA:9,(anonymous_4)
DA:1,1
DA:14,6
DA:15,5
DA:19,4
DA:23,2
DA:27,5
DA:28,0
DA:32,9
DA:33,4
DA:64,5
DA:68,1
LF:11
LH:10
BRDA:32,0,0,4
BRDA:32,0,1,5
BRDA:37,1,0,4
BRDA:37,1,1,4
BRF:4
BRH:4
end_of_record
TN:
SF:src/components/Forms/CountryCitySelect.tsx
FN:22,CountryCitySelect
FN:38,(anonymous_1)
FN:39,(anonymous_2)
FN:54,(anonymous_3)
FN:55,(anonymous_4)
FN:58,(anonymous_5)
FN:91,(anonymous_6)
FN:115,(anonymous_7)
FN:125,(anonymous_8)
FN:147,(anonymous_9)
FN:177,(anonymous_10)
FNF:11
FNH:0
FNDA:0,CountryCitySelect
FNDA:0,(anonymous_1)
FNDA:0,(anonymous_2)
FNDA:0,(anonymous_3)
FNDA:0,(anonymous_4)
FNDA:0,(anonymous_5)
FNDA:0,(anonymous_6)
FNDA:0,(anonymous_7)
FNDA:0,(anonymous_8)
FNDA:0,(anonymous_9)
FNDA:0,(anonymous_10)
DA:1,0
DA:2,0
DA:11,0
DA:12,0
DA:14,0
DA:22,0
DA:27,0
DA:29,0
DA:33,0
DA:34,0
DA:35,0
DA:36,0
DA:38,0
DA:39,0
DA:40,0
DA:41,0
DA:42,0
DA:43,0
DA:44,0
DA:46,0
DA:48,0
DA:51,0
DA:54,0
DA:55,0
DA:56,0
DA:58,0
DA:59,0
DA:60,0
DA:61,0
DA:64,0
DA:65,0
DA:66,0
DA:68,0
DA:69,0
DA:70,0
DA:72,0
DA:73,0
DA:75,0
DA:78,0
DA:81,0
DA:84,0
DA:92,0
DA:93,0
DA:94,0
DA:96,0
DA:116,0
DA:117,0
DA:126,0
DA:148,0
DA:149,0
DA:150,0
DA:152,0
DA:178,0
LF:53
LH:0
BRDA:56,0,0,0
BRDA:56,0,1,0
BRDA:59,1,0,0
BRDA:59,1,1,0
BRDA:93,2,0,0
BRDA:93,2,1,0
BRDA:93,3,0,0
BRDA:93,3,1,0
BRDA:114,4,0,0
BRDA:114,4,1,0
BRDA:120,5,0,0
BRDA:120,5,1,0
BRDA:124,6,0,0
BRDA:124,6,1,0
BRDA:134,7,0,0
BRDA:134,7,1,0
BRDA:149,8,0,0
BRDA:149,8,1,0
BRDA:149,9,0,0
BRDA:149,9,1,0
BRDA:169,10,0,0
BRDA:169,10,1,0
BRDA:170,11,0,0
BRDA:170,11,1,0
BRDA:172,12,0,0
BRDA:172,12,1,0
BRDA:176,13,0,0
BRDA:176,13,1,0
BRDA:184,14,0,0
BRDA:184,14,1,0
BRDA:188,15,0,0
BRDA:188,15,1,0
BRF:32
BRH:0
end_of_record
TN:
SF:src/components/Forms/FormFieldRenderer.tsx
FN:30,RenderField
FN:47,(anonymous_1)
FN:102,(anonymous_2)
FN:121,(anonymous_3)
FNF:4
FNH:0
FNDA:0,RenderField
FNDA:0,(anonymous_1)
FNDA:0,(anonymous_2)
FNDA:0,(anonymous_3)
DA:1,0
DA:2,0
DA:11,0
DA:12,0
DA:13,0
DA:14,0
DA:15,0
DA:16,0
DA:17,0
DA:30,0
DA:36,0
DA:37,0
DA:38,0
DA:39,0
DA:41,0
DA:48,0
DA:49,0
DA:51,0
DA:53,0
DA:56,0
DA:57,0
DA:65,0
DA:68,0
DA:71,0
DA:87,0
DA:91,0
DA:103,0
DA:115,0
DA:122,0
DA:138,0
DA:146,0
LF:31
LH:0
BRDA:49,0,0,0
BRDA:49,0,1,0
BRDA:49,1,0,0
BRDA:49,1,1,0
BRDA:51,2,0,0
BRDA:51,2,1,0
BRDA:51,2,2,0
BRDA:51,2,3,0
BRDA:51,2,4,0
BRDA:51,2,5,0
BRDA:51,2,6,0
BRDA:51,2,7,0
BRDA:56,3,0,0
BRDA:56,3,1,0
BRDA:56,4,0,0
BRDA:56,4,1,0
BRDA:87,5,0,0
BRDA:87,5,1,0
BRDA:87,6,0,0
BRDA:87,6,1,0
BRDA:108,7,0,0
BRDA:108,7,1,0
BRDA:119,8,0,0
BRDA:119,8,1,0
BRDA:122,9,0,0
BRDA:122,9,1,0
BRF:26
BRH:0
end_of_record
TN:
SF:src/components/Forms/FormNavigationButtons.tsx
FN:6,FormNavigationButtons
FNF:1
FNH:1
FNDA:8,FormNavigationButtons
DA:1,2
DA:2,2
DA:3,2
DA:4,2
DA:6,2
DA:14,8
DA:16,8
LF:7
LH:7
BRDA:9,0,0,5
BRDA:10,1,0,5
BRDA:11,2,0,0
BRDA:12,3,0,6
BRDA:29,4,0,8
BRDA:29,4,1,5
BRDA:47,5,0,8
BRDA:47,5,1,8
BRDA:55,6,0,5
BRDA:55,6,1,3
BRF:10
BRH:9
end_of_record
TN:
SF:src/components/Forms/FormWrapper.tsx
FN:5,FormWrapper
FN:24,(anonymous_1)
FN:28,(anonymous_2)
FN:32,(anonymous_3)
FNF:4
FNH:3
FNDA:2,FormWrapper
FNDA:2,(anonymous_1)
FNDA:0,(anonymous_2)
FNDA:2,(anonymous_3)
DA:1,1
DA:2,1
DA:3,1
DA:5,1
DA:18,2
DA:19,2
DA:22,2
DA:24,2
DA:26,2
DA:28,2
DA:29,0
DA:32,2
DA:35,2
LF:13
LH:12
BRDA:8,0,0,0
BRDA:12,1,0,2
BRDA:13,2,0,2
BRDA:14,3,0,2
BRDA:15,4,0,2
BRDA:16,5,0,2
BRDA:18,6,0,2
BRDA:18,6,1,0
BRDA:18,7,0,2
BRDA:18,7,1,2
BRDA:19,8,0,2
BRDA:19,8,1,0
BRDA:19,9,0,2
BRDA:19,9,1,2
BRDA:122,10,0,0
BRDA:122,10,1,2
BRDA:148,11,0,2
BRDA:148,11,1,2
BRDA:164,12,0,2
BRDA:164,12,1,2
BRF:20
BRH:16
end_of_record
TN:
SF:src/components/Forms/MoneyInput.tsx
FN:22,MoneyInput
FN:32,(anonymous_1)
FN:50,(anonymous_2)
FN:52,(anonymous_3)
FN:66,(anonymous_4)
FNF:5
FNH:4
FNDA:6,MoneyInput
FNDA:6,(anonymous_1)
FNDA:0,(anonymous_2)
FNDA:36,(anonymous_3)
FNDA:6,(anonymous_4)
DA:1,1
DA:2,1
DA:12,1
DA:13,1
DA:15,1
DA:22,1
DA:26,6
DA:27,6
DA:28,6
DA:29,6
DA:30,6
DA:32,6
DA:34,6
DA:50,0
DA:53,36
DA:67,6
DA:68,6
DA:70,6
LF:18
LH:17
BRDA:68,0,0,0
BRDA:68,0,1,6
BRDA:68,1,0,0
BRDA:68,1,1,0
BRF:4
BRH:1
end_of_record
TN:
SF:src/components/Forms/PhoneNumberInput.tsx
FN:29,PhoneNumberInput
FN:43,(anonymous_1)
FN:49,(anonymous_2)
FN:51,(anonymous_3)
FN:58,(anonymous_4)
FN:64,(anonymous_5)
FN:72,(anonymous_6)
FN:73,(anonymous_7)
FN:98,(anonymous_8)
FN:103,(anonymous_9)
FNF:10
FNH:7
FNDA:6,PhoneNumberInput
FNDA:6,(anonymous_1)
FNDA:3,(anonymous_2)
FNDA:39,(anonymous_3)
FNDA:0,(anonymous_4)
FNDA:0,(anonymous_5)
FNDA:3,(anonymous_6)
FNDA:39,(anonymous_7)
FNDA:0,(anonymous_8)
FNDA:78,(anonymous_9)
DA:1,1
DA:2,1
DA:3,1
DA:4,1
DA:13,1
DA:29,1
DA:33,6
DA:34,6
DA:35,6
DA:36,6
DA:38,6
DA:44,6
DA:45,6
DA:48,6
DA:49,6
DA:51,39
DA:52,3
DA:56,6
DA:58,6
DA:59,0
DA:61,0
DA:64,6
DA:66,0
DA:68,0
DA:72,6
DA:73,39
DA:74,3
DA:75,0
DA:79,6
DA:98,0
DA:104,78
LF:31
LH:25
BRDA:45,0,0,0
BRDA:45,0,1,6
BRDA:45,1,0,0
BRDA:45,1,1,0
BRDA:48,2,0,6
BRDA:48,2,1,6
BRDA:52,3,0,3
BRDA:52,3,1,3
BRDA:74,4,0,0
BRDA:74,4,1,3
BRDA:74,5,0,3
BRDA:74,5,1,0
BRDA:124,6,0,6
BRDA:124,6,1,0
BRF:14
BRH:8
end_of_record
TN:
SF:src/components/Forms/TextAreaWithAI.tsx
FN:25,TextAreaWithAI
FN:39,(anonymous_1)
FN:60,(anonymous_2)
FN:73,(anonymous_3)
FN:99,(anonymous_4)
FN:179,(anonymous_5)
FN:196,(anonymous_6)
FNF:7
FNH:0
FNDA:0,TextAreaWithAI
FNDA:0,(anonymous_1)
FNDA:0,(anonymous_2)
FNDA:0,(anonymous_3)
FNDA:0,(anonymous_4)
FNDA:0,(anonymous_5)
FNDA:0,(anonymous_6)
DA:1,0
DA:2,0
DA:3,0
DA:15,0
DA:16,0
DA:17,0
DA:25,0
DA:29,0
DA:30,0
DA:32,0
DA:33,0
DA:34,0
DA:35,0
DA:37,0
DA:39,0
DA:40,0
DA:41,0
DA:42,0
DA:43,0
DA:45,0
DA:47,0
DA:51,0
DA:52,0
DA:54,0
DA:56,0
DA:60,0
DA:61,0
DA:62,0
DA:63,0
DA:64,0
DA:67,0
DA:77,0
DA:79,0
DA:99,0
DA:179,0
DA:197,0
DA:198,0
LF:37
LH:0
BRDA:47,0,0,0
BRDA:47,0,1,0
BRDA:77,1,0,0
BRDA:77,1,1,0
BRDA:114,2,0,0
BRDA:114,2,1,0
BRDA:114,2,2,0
BRDA:116,3,0,0
BRDA:116,3,1,0
BRDA:116,4,0,0
BRDA:116,4,1,0
BRDA:158,5,0,0
BRDA:158,5,1,0
BRDA:166,6,0,0
BRDA:166,6,1,0
BRDA:172,7,0,0
BRDA:172,7,1,0
BRDA:172,7,2,0
BRF:18
BRH:0
end_of_record
TN:
SF:src/components/NavigationBar/index.tsx
FN:6,NavigationBar
FNF:1
FNH:1
FNDA:3,NavigationBar
DA:1,1
DA:2,1
DA:3,1
DA:4,1
DA:6,1
DA:7,3
DA:8,3
DA:9,3
DA:11,3
LF:9
LH:9
BRDA:9,0,0,3
BRDA:9,0,1,3
BRF:2
BRH:2
end_of_record
TN:
SF:src/components/NavigationBar/languageSwitcher.tsx
FN:5,LanguageSwitcher
FN:11,(anonymous_1)
FN:25,(anonymous_2)
FNF:3
FNH:1
FNDA:5,LanguageSwitcher
FNDA:0,(anonymous_1)
FNDA:0,(anonymous_2)
DA:1,2
DA:2,2
DA:3,2
DA:5,2
DA:6,5
DA:7,5
DA:8,5
DA:9,5
DA:11,5
DA:12,0
DA:14,0
DA:16,0
DA:17,0
DA:18,0
DA:19,0
DA:22,5
DA:25,0
LF:17
LH:10
BRDA:14,0,0,0
BRDA:14,0,1,0
BRDA:17,1,0,0
BRDA:17,1,1,0
BRF:4
BRH:0
end_of_record
TN:
SF:src/components/TypingText/index.tsx
FN:4,TypingEffect
FN:7,(anonymous_1)
FN:10,(anonymous_2)
FN:16,(anonymous_3)
FNF:4
FNH:3
FNDA:3,TypingEffect
FNDA:3,(anonymous_1)
FNDA:0,(anonymous_2)
FNDA:3,(anonymous_3)
DA:1,1
DA:2,1
DA:4,1
DA:5,3
DA:7,3
DA:8,3
DA:10,3
DA:11,0
DA:12,0
DA:13,0
DA:16,3
DA:19,3
LF:12
LH:9
BRDA:4,0,0,2
BRDA:4,1,0,3
BRDA:13,2,0,0
BRDA:13,2,1,0
BRF:4
BRH:2
end_of_record
TN:
SF:src/constants/index.ts
FNF:0
FNH:0
DA:2,9
DA:13,9
DA:20,9
DA:25,9
DA:28,9
DA:40,9
DA:51,9
DA:58,9
DA:67,9
DA:78,9
DA:84,9
DA:93,9
DA:103,9
DA:110,9
DA:121,9
LF:15
LH:15
BRF:0
BRH:0
end_of_record
TN:
SF:src/hooks/useAppTranslation.ts
FN:3,useAppTranslation
FN:9,(anonymous_1)
FNF:2
FNH:1
FNDA:3,useAppTranslation
FNDA:0,(anonymous_1)
DA:1,1
DA:3,1
DA:4,3
DA:6,3
DA:7,3
DA:9,3
DA:10,0
DA:13,3
LF:8
LH:7
BRF:0
BRH:0
end_of_record
TN:
SF:src/hooks/useAutoSave.ts
FN:6,useAutoSave
FN:15,(anonymous_1)
FN:35,(anonymous_2)
FN:41,(anonymous_3)
FN:49,(anonymous_4)
FN:55,(anonymous_5)
FNF:6
FNH:4
FNDA:12,useAutoSave
FNDA:8,(anonymous_1)
FNDA:2,(anonymous_2)
FNDA:0,(anonymous_3)
FNDA:0,(anonymous_4)
FNDA:4,(anonymous_5)
DA:1,1
DA:2,1
DA:6,1
DA:11,12
DA:12,12
DA:13,12
DA:15,12
DA:17,8
DA:18,3
DA:19,3
DA:22,5
DA:23,1
DA:27,4
DA:28,2
DA:32,4
DA:35,4
DA:36,2
DA:37,2
DA:38,2
DA:41,2
DA:42,0
DA:45,0
DA:46,0
DA:49,0
DA:50,0
DA:55,4
DA:56,4
DA:57,4
DA:62,12
LF:29
LH:24
BRDA:9,0,0,0
BRDA:17,1,0,3
BRDA:17,1,1,5
BRDA:22,2,0,1
BRDA:22,2,1,4
BRDA:27,3,0,2
BRDA:27,3,1,2
BRDA:56,4,0,4
BRDA:56,4,1,0
BRF:9
BRH:7
end_of_record
TN:
SF:src/hooks/useLocalStorage.ts
FN:3,useLocalStorage
FN:7,(anonymous_1)
FN:16,(anonymous_2)
FN:27,(anonymous_3)
FNF:4
FNH:4
FNDA:8,useLocalStorage
FNDA:4,(anonymous_1)
FNDA:3,(anonymous_2)
FNDA:1,(anonymous_3)
DA:1,1
DA:3,1
DA:7,8
DA:8,4
DA:9,4
DA:10,4
DA:12,0
DA:16,8
DA:17,3
DA:19,3
DA:20,3
DA:21,3
DA:23,0
DA:27,8
DA:28,1
DA:29,1
DA:30,1
DA:32,0
DA:36,8
LF:19
LH:16
BRDA:10,0,0,0
BRDA:10,0,1,4
BRDA:19,1,0,0
BRDA:19,1,1,3
BRF:4
BRH:2
end_of_record
TN:
SF:src/i18n/index.ts
FN:9,(anonymous_0)
FN:35,(anonymous_1)
FNF:2
FNH:0
FNDA:0,(anonymous_0)
FNDA:0,(anonymous_1)
DA:1,0
DA:2,0
DA:3,0
DA:5,0
DA:6,0
DA:7,0
DA:9,0
DA:10,0
DA:11,0
DA:14,0
DA:16,0
DA:31,0
DA:32,0
DA:33,0
DA:35,0
DA:36,0
DA:37,0
DA:38,0
DA:40,0
DA:41,0
DA:42,0
DA:43,0
DA:44,0
DA:45,0
DA:49,0
DA:52,0
LF:26
LH:0
BRDA:11,0,0,0
BRDA:11,0,1,0
BRDA:14,1,0,0
BRDA:14,1,1,0
BRDA:31,2,0,0
BRDA:31,2,1,0
BRDA:31,3,0,0
BRDA:31,3,1,0
BRDA:33,4,0,0
BRDA:33,4,1,0
BRDA:36,5,0,0
BRDA:36,5,1,0
BRDA:42,6,0,0
BRDA:42,6,1,0
BRDA:43,7,0,0
BRDA:43,7,1,0
BRDA:44,8,0,0
BRDA:44,8,1,0
BRF:18
BRH:0
end_of_record
TN:
SF:src/pages/FormOne/helper.ts
FN:44,(anonymous_0)
FN:92,(anonymous_1)
FNF:2
FNH:0
FNDA:0,(anonymous_0)
FNDA:0,(anonymous_1)
DA:22,1
DA:45,0
DA:46,0
DA:47,0
DA:48,0
DA:93,0
DA:94,0
DA:96,0
DA:97,0
LF:9
LH:1
BRDA:45,0,0,0
BRDA:45,0,1,0
BRDA:48,1,0,0
BRDA:48,1,1,0
BRDA:94,2,0,0
BRDA:94,2,1,0
BRDA:96,3,0,0
BRDA:96,3,1,0
BRF:8
BRH:0
end_of_record
TN:
SF:src/pages/FormOne/index.tsx
FN:13,FormOne
FN:36,(anonymous_1)
FN:40,(anonymous_2)
FN:46,(anonymous_3)
FN:47,(anonymous_4)
FN:59,(anonymous_5)
FNF:6
FNH:0
FNDA:0,FormOne
FNDA:0,(anonymous_1)
FNDA:0,(anonymous_2)
FNDA:0,(anonymous_3)
FNDA:0,(anonymous_4)
FNDA:0,(anonymous_5)
DA:1,0
DA:2,0
DA:3,0
DA:4,0
DA:5,0
DA:6,0
DA:7,0
DA:8,0
DA:9,0
DA:10,0
DA:11,0
DA:13,0
DA:14,0
DA:15,0
DA:16,0
DA:17,0
DA:19,0
DA:24,0
DA:29,0
DA:30,0
DA:36,0
DA:37,0
DA:40,0
DA:41,0
DA:42,0
DA:46,0
DA:47,0
DA:49,0
DA:61,0
DA:62,0
DA:66,0
DA:67,0
DA:86,0
LF:33
LH:0
BRDA:17,0,0,0
BRDA:17,0,1,0
BRDA:25,1,0,0
BRDA:25,1,1,0
BRDA:61,2,0,0
BRDA:61,2,1,0
BRDA:66,3,0,0
BRDA:66,3,1,0
BRDA:66,4,0,0
BRDA:66,4,1,0
BRDA:66,4,2,0
BRF:11
BRH:0
end_of_record
TN:
SF:src/pages/FormThree/helper.ts
FNF:0
FNH:0
DA:3,1
LF:1
LH:1
BRF:0
BRH:0
end_of_record
TN:
SF:src/pages/FormThree/index.tsx
FN:11,FormThree
FN:33,(anonymous_1)
FN:37,(anonymous_2)
FN:53,(anonymous_3)
FN:54,(anonymous_4)
FN:55,(anonymous_5)
FN:70,(anonymous_6)
FNF:7
FNH:0
FNDA:0,FormThree
FNDA:0,(anonymous_1)
FNDA:0,(anonymous_2)
FNDA:0,(anonymous_3)
FNDA:0,(anonymous_4)
FNDA:0,(anonymous_5)
FNDA:0,(anonymous_6)
DA:1,0
DA:2,0
DA:3,0
DA:4,0
DA:5,0
DA:6,0
DA:7,0
DA:8,0
DA:9,0
DA:11,0
DA:12,0
DA:13,0
DA:17,0
DA:18,0
DA:19,0
DA:21,0
DA:26,0
DA:27,0
DA:33,0
DA:34,0
DA:37,0
DA:38,0
DA:39,0
DA:40,0
DA:42,0
DA:43,0
DA:44,0
DA:46,0
DA:49,0
DA:53,0
DA:54,0
DA:55,0
DA:56,0
DA:61,0
DA:71,0
LF:35
LH:0
BRDA:19,0,0,0
BRDA:19,0,1,0
BRDA:22,1,0,0
BRDA:22,1,1,0
BRDA:42,2,0,0
BRDA:42,2,1,0
BRF:6
BRH:0
end_of_record
TN:
SF:src/pages/FormTwo/helper.ts
FNF:0
FNH:0
DA:3,1
LF:1
LH:1
BRF:0
BRH:0
end_of_record
TN:
SF:src/pages/FormTwo/index.tsx
FN:12,FormTwo
FN:35,(anonymous_1)
FN:39,(anonymous_2)
FN:53,(anonymous_3)
FNF:4
FNH:0
FNDA:0,FormTwo
FNDA:0,(anonymous_1)
FNDA:0,(anonymous_2)
FNDA:0,(anonymous_3)
DA:1,0
DA:2,0
DA:3,0
DA:4,0
DA:5,0
DA:6,0
DA:7,0
DA:8,0
DA:9,0
DA:10,0
DA:12,0
DA:13,0
DA:14,0
DA:15,0
DA:16,0
DA:18,0
DA:23,0
DA:28,0
DA:29,0
DA:35,0
DA:36,0
DA:39,0
DA:40,0
DA:41,0
DA:44,0
DA:54,0
LF:26
LH:0
BRDA:16,0,0,0
BRDA:16,0,1,0
BRDA:24,1,0,0
BRDA:24,1,1,0
BRF:4
BRH:0
end_of_record
TN:
SF:src/pages/Home/index.tsx
FN:7,Home
FN:13,(anonymous_1)
FN:130,(anonymous_2)
FNF:3
FNH:2
FNDA:3,Home
FNDA:0,(anonymous_1)
FNDA:9,(anonymous_2)
DA:1,1
DA:2,1
DA:3,1
DA:4,1
DA:5,1
DA:7,1
DA:8,3
DA:9,3
DA:10,3
DA:11,3
DA:13,3
DA:14,0
DA:17,3
DA:23,3
DA:131,9
LF:15
LH:14
BRDA:10,0,0,3
BRDA:10,0,1,3
BRF:2
BRH:2
end_of_record
TN:
SF:src/pages/PageNotFound/index.tsx
FN:7,PageNotFound
FN:13,(anonymous_1)
FNF:2
FNH:1
FNDA:3,PageNotFound
FNDA:0,(anonymous_1)
DA:1,1
DA:2,1
DA:3,1
DA:4,1
DA:5,1
DA:7,1
DA:8,3
DA:9,3
DA:10,3
DA:11,3
DA:13,3
DA:14,0
DA:17,3
LF:13
LH:12
BRDA:11,0,0,3
BRDA:11,0,1,3
BRDA:11,0,2,0
BRF:3
BRH:2
end_of_record
TN:
SF:src/pages/SubmissionStatus/index.tsx
FN:22,SubmissionStatus
FN:36,(anonymous_1)
FN:44,(anonymous_2)
FN:53,(anonymous_3)
FN:57,(anonymous_4)
FN:58,(anonymous_5)
FNF:6
FNH:2
FNDA:6,SubmissionStatus
FNDA:3,(anonymous_1)
FNDA:0,(anonymous_2)
FNDA:0,(anonymous_3)
FNDA:0,(anonymous_4)
FNDA:0,(anonymous_5)
DA:1,1
DA:2,1
DA:12,1
DA:13,1
DA:14,1
DA:15,1
DA:16,1
DA:17,1
DA:18,1
DA:19,1
DA:20,1
DA:22,1
DA:23,6
DA:24,6
DA:25,6
DA:26,6
DA:27,6
DA:29,6
DA:30,6
DA:32,6
DA:33,6
DA:34,6
DA:36,6
DA:38,3
DA:39,3
DA:40,3
DA:44,6
DA:45,0
DA:46,0
DA:47,0
DA:49,0
DA:53,6
DA:54,0
DA:57,6
DA:58,6
DA:60,6
LF:36
LH:31
BRDA:27,0,0,6
BRDA:27,0,1,6
BRDA:27,0,2,0
BRDA:33,1,0,6
BRDA:33,1,1,6
BRDA:38,2,0,3
BRDA:38,2,1,0
BRDA:132,3,0,6
BRDA:132,3,1,0
BRDA:180,4,0,6
BRDA:180,4,1,0
BRDA:193,5,0,6
BRDA:193,5,1,0
BRDA:198,6,0,6
BRDA:198,6,1,6
BRDA:198,6,2,3
BRDA:253,7,0,6
BRDA:253,7,1,6
BRDA:295,8,0,6
BRDA:295,8,1,0
BRF:20
BRH:14
end_of_record
TN:
SF:src/services/generateAIText.ts
FN:7,generateAIText
FN:9,(anonymous_1)
FNF:2
FNH:0
FNDA:0,generateAIText
FNDA:0,(anonymous_1)
DA:1,0
DA:7,0
DA:8,0
DA:9,0
DA:11,0
DA:12,0
DA:21,0
DA:22,0
DA:25,0
DA:26,0
DA:28,0
DA:29,0
DA:31,0
DA:33,0
LF:14
LH:0
BRDA:21,0,0,0
BRDA:21,0,1,0
BRDA:26,1,0,0
BRDA:26,1,1,0
BRDA:28,2,0,0
BRDA:28,2,1,0
BRDA:28,3,0,0
BRDA:28,3,1,0
BRF:8
BRH:0
end_of_record
TN:
SF:src/services/locationService.ts
FN:46,fetchCountries
FN:65,fetchStates
FN:95,fetchCities
FNF:3
FNH:2
FNDA:2,fetchCountries
FNDA:2,fetchStates
FNDA:0,fetchCities
DA:1,4
DA:42,4
DA:43,4
DA:44,4
DA:46,4
DA:47,2
DA:48,0
DA:51,2
DA:52,2
DA:53,2
DA:54,1
DA:56,1
DA:57,1
DA:58,1
DA:60,1
DA:61,1
DA:65,4
DA:66,2
DA:68,2
DA:69,0
DA:72,2
DA:73,2
DA:81,2
DA:82,1
DA:85,1
DA:86,1
DA:87,1
DA:88,1
DA:90,1
DA:91,1
DA:95,4
DA:96,0
DA:98,0
DA:99,0
DA:102,0
DA:103,0
DA:111,0
DA:112,0
DA:115,0
DA:116,0
DA:117,0
DA:118,0
DA:120,0
DA:121,0
LF:44
LH:29
BRDA:47,0,0,0
BRDA:47,0,1,2
BRDA:53,1,0,1
BRDA:53,1,1,1
BRDA:57,2,0,1
BRDA:57,2,1,0
BRDA:68,3,0,0
BRDA:68,3,1,2
BRDA:81,4,0,1
BRDA:81,4,1,1
BRDA:86,5,0,1
BRDA:86,5,1,0
BRDA:98,6,0,0
BRDA:98,6,1,0
BRDA:111,7,0,0
BRDA:111,7,1,0
BRDA:116,8,0,0
BRDA:116,8,1,0
BRF:18
BRH:8
end_of_record
TN:
SF:src/services/api/authService.ts
FN:16,(anonymous_0)
FN:18,(anonymous_1)
FN:34,(anonymous_2)
FN:36,(anonymous_3)
FN:43,(anonymous_4)
FN:51,(anonymous_5)
FN:67,(anonymous_6)
FN:71,(anonymous_7)
FN:75,(anonymous_8)
FNF:9
FNH:0
FNDA:0,(anonymous_0)
FNDA:0,(anonymous_1)
FNDA:0,(anonymous_2)
FNDA:0,(anonymous_3)
FNDA:0,(anonymous_4)
FNDA:0,(anonymous_5)
FNDA:0,(anonymous_6)
FNDA:0,(anonymous_7)
FNDA:0,(anonymous_8)
DA:1,0
DA:15,0
DA:18,0
DA:21,0
DA:28,0
DA:29,0
DA:31,0
DA:36,0
DA:39,0
DA:40,0
DA:44,0
DA:46,0
DA:47,0
DA:51,0
DA:54,0
DA:61,0
DA:62,0
DA:64,0
DA:68,0
DA:72,0
DA:76,0
LF:21
LH:0
BRDA:46,0,0,0
BRDA:46,0,1,0
BRF:2
BRH:0
end_of_record
TN:
SF:src/services/api/axiosInstance.ts
FNF:0
FNH:0
DA:1,0
DA:2,0
DA:4,0
DA:12,0
LF:4
LH:0
BRF:0
BRH:0
end_of_record
TN:
SF:src/services/api/interceptors.ts
FN:13,(anonymous_0)
FN:14,(anonymous_1)
FN:27,(anonymous_2)
FN:34,(anonymous_3)
FN:41,(anonymous_4)
FN:44,(anonymous_5)
FN:53,(anonymous_6)
FN:56,(anonymous_7)
FN:59,(anonymous_8)
FNF:9
FNH:0
FNDA:0,(anonymous_0)
FNDA:0,(anonymous_1)
FNDA:0,(anonymous_2)
FNDA:0,(anonymous_3)
FNDA:0,(anonymous_4)
FNDA:0,(anonymous_5)
FNDA:0,(anonymous_6)
FNDA:0,(anonymous_7)
FNDA:0,(anonymous_8)
DA:2,0
DA:3,0
DA:4,0
DA:7,0
DA:11,0
DA:13,0
DA:14,0
DA:15,0
DA:16,0
DA:18,0
DA:22,0
DA:26,0
DA:28,0
DA:29,0
DA:30,0
DA:32,0
DA:35,0
DA:40,0
DA:42,0
DA:45,0
DA:50,0
DA:51,0
DA:53,0
DA:54,0
DA:57,0
DA:60,0
DA:64,0
DA:65,0
DA:67,0
DA:69,0
DA:72,0
DA:75,0
DA:78,0
DA:79,0
DA:84,0
DA:86,0
DA:90,0
DA:94,0
LF:38
LH:0
BRDA:13,0,0,0
BRDA:15,1,0,0
BRDA:15,1,1,0
BRDA:29,2,0,0
BRDA:29,2,1,0
BRDA:29,3,0,0
BRDA:29,3,1,0
BRDA:50,4,0,0
BRDA:50,4,1,0
BRDA:50,5,0,0
BRDA:50,5,1,0
BRDA:51,6,0,0
BRDA:51,6,1,0
BRF:13
BRH:0
end_of_record
TN:
SF:src/theme/createEmotionCache.ts
FN:5,(anonymous_0)
FNF:1
FNH:0
FNDA:0,(anonymous_0)
DA:1,0
DA:3,0
DA:5,0
DA:6,0
LF:4
LH:0
BRDA:5,0,0,0
BRDA:7,1,0,0
BRDA:7,1,1,0
BRDA:8,2,0,0
BRDA:8,2,1,0
BRF:5
BRH:0
end_of_record
TN:
SF:src/theme/theme.ts
FN:4,(anonymous_0)
FNF:1
FNH:0
FNDA:0,(anonymous_0)
DA:1,0
DA:4,0
DA:5,0
LF:3
LH:0
BRDA:4,0,0,0
BRDA:8,1,0,0
BRDA:8,1,1,0
BRDA:14,2,0,0
BRDA:14,2,1,0
BRDA:21,3,0,0
BRDA:21,3,1,0
BRF:7
BRH:0
end_of_record
